Round = 11
classes file = classes.csv
LIMIT = 100
Round 11 experiment
11,1_tullibee,com.ib.client.AnyWrapper,1.0 Not Found. Rerunning ...
Running test generation for com.ib.client.AnyWrapper in 1_tullibee
Model seeding is on - seed_clone=1.0
11,1_tullibee,com.ib.client.AnyWrapperMsgGenerator,1.0 Not Found. Rerunning ...
Running test generation for com.ib.client.AnyWrapperMsgGenerator in 1_tullibee
Model seeding is on - seed_clone=1.0
11,1_tullibee,com.ib.client.ComboLeg,1.0 Not Found. Rerunning ...
Running test generation for com.ib.client.ComboLeg in 1_tullibee
Model seeding is on - seed_clone=1.0
11,1_tullibee,com.ib.client.Contract,1.0 Not Found. Rerunning ...
Running test generation for com.ib.client.Contract in 1_tullibee
Model seeding is on - seed_clone=1.0
11,1_tullibee,com.ib.client.ContractDetails,1.0 Not Found. Rerunning ...
Running test generation for com.ib.client.ContractDetails in 1_tullibee
Model seeding is on - seed_clone=1.0
11,1_tullibee,com.ib.client.EClientErrors,1.0 Not Found. Rerunning ...
Running test generation for com.ib.client.EClientErrors in 1_tullibee
Model seeding is on - seed_clone=1.0
11,1_tullibee,com.ib.client.EClientSocket,1.0 Not Found. Rerunning ...
Running test generation for com.ib.client.EClientSocket in 1_tullibee
Model seeding is on - seed_clone=1.0
11,1_tullibee,com.ib.client.EException,1.0 Not Found. Rerunning ...
Running test generation for com.ib.client.EException in 1_tullibee
Model seeding is on - seed_clone=1.0
11,1_tullibee,com.ib.client.EReader,1.0 Not Found. Rerunning ...
Running test generation for com.ib.client.EReader in 1_tullibee
Model seeding is on - seed_clone=1.0
11,1_tullibee,com.ib.client.EWrapper,1.0 Not Found. Rerunning ...
Running test generation for com.ib.client.EWrapper in 1_tullibee
Model seeding is on - seed_clone=1.0
11,1_tullibee,com.ib.client.EWrapperMsgGenerator,1.0 Not Found. Rerunning ...
Running test generation for com.ib.client.EWrapperMsgGenerator in 1_tullibee
Model seeding is on - seed_clone=1.0
11,1_tullibee,com.ib.client.Execution,1.0 Not Found. Rerunning ...
Running test generation for com.ib.client.Execution in 1_tullibee
Model seeding is on - seed_clone=1.0
11,1_tullibee,com.ib.client.ExecutionFilter,1.0 Not Found. Rerunning ...
Running test generation for com.ib.client.ExecutionFilter in 1_tullibee
Model seeding is on - seed_clone=1.0
11,1_tullibee,com.ib.client.Order,1.0 Not Found. Rerunning ...
Running test generation for com.ib.client.Order in 1_tullibee
Model seeding is on - seed_clone=1.0
11,1_tullibee,com.ib.client.OrderState,1.0 Not Found. Rerunning ...
Running test generation for com.ib.client.OrderState in 1_tullibee
Model seeding is on - seed_clone=1.0
11,1_tullibee,com.ib.client.ScannerSubscription,1.0 Not Found. Rerunning ...
Running test generation for com.ib.client.ScannerSubscription in 1_tullibee
Model seeding is on - seed_clone=1.0
11,1_tullibee,com.ib.client.TagValue,1.0 Not Found. Rerunning ...
Running test generation for com.ib.client.TagValue in 1_tullibee
Model seeding is on - seed_clone=1.0
11,1_tullibee,com.ib.client.TickType,1.0 Not Found. Rerunning ...
Running test generation for com.ib.client.TickType in 1_tullibee
Model seeding is on - seed_clone=1.0
11,1_tullibee,com.ib.client.UnderComp,1.0 Not Found. Rerunning ...
Running test generation for com.ib.client.UnderComp in 1_tullibee
Model seeding is on - seed_clone=1.0
11,1_tullibee,com.ib.client.Util,1.0 Not Found. Rerunning ...
Running test generation for com.ib.client.Util in 1_tullibee
Model seeding is on - seed_clone=1.0
11,2_a4j,net.kencochrane.a4j.A4j,1.0 Not Found. Rerunning ...
Running test generation for net.kencochrane.a4j.A4j in 2_a4j
Model seeding is on - seed_clone=1.0
11,2_a4j,net.kencochrane.a4j.beans.Accessories,1.0 Not Found. Rerunning ...
Running test generation for net.kencochrane.a4j.beans.Accessories in 2_a4j
Model seeding is on - seed_clone=1.0
11,2_a4j,net.kencochrane.a4j.beans.Artists,1.0 Not Found. Rerunning ...
Running test generation for net.kencochrane.a4j.beans.Artists in 2_a4j
Model seeding is on - seed_clone=1.0
11,2_a4j,net.kencochrane.a4j.beans.Authors,1.0 Not Found. Rerunning ...
Running test generation for net.kencochrane.a4j.beans.Authors in 2_a4j
Model seeding is on - seed_clone=1.0
11,2_a4j,net.kencochrane.a4j.beans.BlendedSearch,1.0 Not Found. Rerunning ...
Running test generation for net.kencochrane.a4j.beans.BlendedSearch in 2_a4j
Model seeding is on - seed_clone=1.0
11,2_a4j,net.kencochrane.a4j.beans.BrowseList,1.0 Not Found. Rerunning ...
Running test generation for net.kencochrane.a4j.beans.BrowseList in 2_a4j
Model seeding is on - seed_clone=1.0
11,2_a4j,net.kencochrane.a4j.beans.BrowseNode,1.0 Not Found. Rerunning ...
Running test generation for net.kencochrane.a4j.beans.BrowseNode in 2_a4j
Model seeding is on - seed_clone=1.0
11,2_a4j,net.kencochrane.a4j.beans.CustomerReview,1.0 Not Found. Rerunning ...
Running test generation for net.kencochrane.a4j.beans.CustomerReview in 2_a4j
Model seeding is on - seed_clone=1.0
11,2_a4j,net.kencochrane.a4j.beans.Directors,1.0 Not Found. Rerunning ...
Running test generation for net.kencochrane.a4j.beans.Directors in 2_a4j
Model seeding is on - seed_clone=1.0
11,2_a4j,net.kencochrane.a4j.beans.Features,1.0 Not Found. Rerunning ...
Running test generation for net.kencochrane.a4j.beans.Features in 2_a4j
Model seeding is on - seed_clone=1.0
11,2_a4j,net.kencochrane.a4j.beans.FeedBack,1.0 Not Found. Rerunning ...
Running test generation for net.kencochrane.a4j.beans.FeedBack in 2_a4j
Model seeding is on - seed_clone=1.0
11,2_a4j,net.kencochrane.a4j.beans.FullProduct,1.0 Not Found. Rerunning ...
Running test generation for net.kencochrane.a4j.beans.FullProduct in 2_a4j
Model seeding is on - seed_clone=1.0
11,2_a4j,net.kencochrane.a4j.beans.Item,1.0 Not Found. Rerunning ...
Running test generation for net.kencochrane.a4j.beans.Item in 2_a4j
Model seeding is on - seed_clone=1.0
11,2_a4j,net.kencochrane.a4j.beans.Items,1.0 Not Found. Rerunning ...
Running test generation for net.kencochrane.a4j.beans.Items in 2_a4j
Model seeding is on - seed_clone=1.0
11,2_a4j,net.kencochrane.a4j.beans.ListingProductDetails,1.0 Not Found. Rerunning ...
Running test generation for net.kencochrane.a4j.beans.ListingProductDetails in 2_a4j
Model seeding is on - seed_clone=1.0
11,2_a4j,net.kencochrane.a4j.beans.ListingProductInfo,1.0 Not Found. Rerunning ...
Running test generation for net.kencochrane.a4j.beans.ListingProductInfo in 2_a4j
Model seeding is on - seed_clone=1.0
11,2_a4j,net.kencochrane.a4j.beans.Lists,1.0 Not Found. Rerunning ...
Running test generation for net.kencochrane.a4j.beans.Lists in 2_a4j
Model seeding is on - seed_clone=1.0
11,2_a4j,net.kencochrane.a4j.beans.MiniProduct,1.0 Not Found. Rerunning ...
Running test generation for net.kencochrane.a4j.beans.MiniProduct in 2_a4j
Model seeding is on - seed_clone=1.0
11,2_a4j,net.kencochrane.a4j.beans.Mode,1.0 Not Found. Rerunning ...
Running test generation for net.kencochrane.a4j.beans.Mode in 2_a4j
Model seeding is on - seed_clone=1.0
11,2_a4j,net.kencochrane.a4j.beans.ModeList,1.0 Not Found. Rerunning ...
Running test generation for net.kencochrane.a4j.beans.ModeList in 2_a4j
Model seeding is on - seed_clone=1.0
11,2_a4j,net.kencochrane.a4j.beans.Platforms,1.0 Not Found. Rerunning ...
Running test generation for net.kencochrane.a4j.beans.Platforms in 2_a4j
Model seeding is on - seed_clone=1.0
11,2_a4j,net.kencochrane.a4j.beans.ProductDetails,1.0 Not Found. Rerunning ...
Running test generation for net.kencochrane.a4j.beans.ProductDetails in 2_a4j
Model seeding is on - seed_clone=1.0
11,2_a4j,net.kencochrane.a4j.beans.ProductInfo,1.0 Not Found. Rerunning ...
Running test generation for net.kencochrane.a4j.beans.ProductInfo in 2_a4j
Model seeding is on - seed_clone=1.0
11,2_a4j,net.kencochrane.a4j.beans.ProductLine,1.0 Not Found. Rerunning ...
Running test generation for net.kencochrane.a4j.beans.ProductLine in 2_a4j
Model seeding is on - seed_clone=1.0
11,2_a4j,net.kencochrane.a4j.beans.RecentlyViewed,1.0 Not Found. Rerunning ...
Running test generation for net.kencochrane.a4j.beans.RecentlyViewed in 2_a4j
Model seeding is on - seed_clone=1.0
11,2_a4j,net.kencochrane.a4j.beans.Reviews,1.0 Not Found. Rerunning ...
Running test generation for net.kencochrane.a4j.beans.Reviews in 2_a4j
Model seeding is on - seed_clone=1.0
11,2_a4j,net.kencochrane.a4j.beans.SellerFeedback,1.0 Not Found. Rerunning ...
Running test generation for net.kencochrane.a4j.beans.SellerFeedback in 2_a4j
Model seeding is on - seed_clone=1.0
11,2_a4j,net.kencochrane.a4j.beans.SellerProfile,1.0 Not Found. Rerunning ...
Running test generation for net.kencochrane.a4j.beans.SellerProfile in 2_a4j
Model seeding is on - seed_clone=1.0
11,2_a4j,net.kencochrane.a4j.beans.SellerProfileDetails,1.0 Not Found. Rerunning ...
Running test generation for net.kencochrane.a4j.beans.SellerProfileDetails in 2_a4j
Model seeding is on - seed_clone=1.0
11,2_a4j,net.kencochrane.a4j.beans.SellerSearch,1.0 Not Found. Rerunning ...
Running test generation for net.kencochrane.a4j.beans.SellerSearch in 2_a4j
Model seeding is on - seed_clone=1.0
11,2_a4j,net.kencochrane.a4j.beans.SellerSearchDetails,1.0 Not Found. Rerunning ...
Running test generation for net.kencochrane.a4j.beans.SellerSearchDetails in 2_a4j
Model seeding is on - seed_clone=1.0
11,2_a4j,net.kencochrane.a4j.beans.ShoppingCart,1.0 Not Found. Rerunning ...
Running test generation for net.kencochrane.a4j.beans.ShoppingCart in 2_a4j
Model seeding is on - seed_clone=1.0
11,2_a4j,net.kencochrane.a4j.beans.ShoppingCartResponse,1.0 Not Found. Rerunning ...
Running test generation for net.kencochrane.a4j.beans.ShoppingCartResponse in 2_a4j
Model seeding is on - seed_clone=1.0
11,2_a4j,net.kencochrane.a4j.beans.SimilarProducts,1.0 Not Found. Rerunning ...
Running test generation for net.kencochrane.a4j.beans.SimilarProducts in 2_a4j
Model seeding is on - seed_clone=1.0
11,2_a4j,net.kencochrane.a4j.beans.Starring,1.0 Not Found. Rerunning ...
Running test generation for net.kencochrane.a4j.beans.Starring in 2_a4j
Model seeding is on - seed_clone=1.0
11,2_a4j,net.kencochrane.a4j.beans.ThirdPartyProductDetails,1.0 Not Found. Rerunning ...
Running test generation for net.kencochrane.a4j.beans.ThirdPartyProductDetails in 2_a4j
ReRun: class= net.kencochrane.a4j.beans.FullProduct, project= 2_a4j, execution_idx= 11, modelFlag=1, TestFlag=0
Model seeding is on - seed_clone=1.0
Model seeding is on - seed_clone=1.0
Problem: class= com.ib.client.AnyWrapper, project= 1_tullibee, execution_idx= 11, modelFlag=1, TestFlag=0
logs/model_seeding/1_tullibee-com.ib.client.AnyWrapper-1.0-11-out.txt
entry: bins/1_tullibee/tullibee-tests.jar
entry: bins/1_tullibee/tullibee.jar
** CP: bins/1_tullibee/tullibee-tests.jar:bins/1_tullibee/tullibee.jar
* EvoSuite 1.1.1-SNAPSHOT
* Going to generate test cases for class: com.ib.client.AnyWrapper
* Starting Client-0
* Connecting to master process on port 18766
* Analyzing classpath: 
  - bins/1_tullibee/tullibee-tests.jar
  - bins/1_tullibee/tullibee.jar
* Finished analyzing classpath
* Generating tests for class com.ib.client.AnyWrapper
* Test criteria:
  - Line Coverage
  - Branch Coverage
  - Exception
  - Mutation testing (weak)
  - Method-Output Coverage
  - Top-Level Method Coverage
  - No-Exception Top-Level Method Coverage
  - Context Branch Coverage
* Total number of test goals for DYNAMOSA: 0
* Using seed 1573167171111
* Starting evolution
* Initialsss Number of Goals in DynMOSA = 0 / 0
* Computation finished
11,2_a4j,net.kencochrane.a4j.beans.ThirdPartyProductInfo,1.0 Not Found. Rerunning ...
Running test generation for net.kencochrane.a4j.beans.ThirdPartyProductInfo in 2_a4j
Model seeding is on - seed_clone=1.0
11,2_a4j,net.kencochrane.a4j.beans.Tracks,1.0 Not Found. Rerunning ...
Running test generation for net.kencochrane.a4j.beans.Tracks in 2_a4j
Model seeding is on - seed_clone=1.0
ReRun: class= net.kencochrane.a4j.beans.Features, project= 2_a4j, execution_idx= 11, modelFlag=1, TestFlag=0
11,2_a4j,net.kencochrane.a4j.DAO.Cart,1.0 Not Found. Rerunning ...
Running test generation for net.kencochrane.a4j.DAO.Cart in 2_a4j
ReRun: class= net.kencochrane.a4j.beans.FeedBack, project= 2_a4j, execution_idx= 11, modelFlag=1, TestFlag=0
Model seeding is on - seed_clone=1.0
Model seeding is on - seed_clone=1.0
Model seeding is on - seed_clone=1.0
ReRun: class= net.kencochrane.a4j.beans.Item, project= 2_a4j, execution_idx= 11, modelFlag=1, TestFlag=0
Model seeding is on - seed_clone=1.0
11,2_a4j,net.kencochrane.a4j.DAO.Product,1.0 Not Found. Rerunning ...
Running test generation for net.kencochrane.a4j.DAO.Product in 2_a4j
Model seeding is on - seed_clone=1.0
Problem: class= net.kencochrane.a4j.beans.ListingProductDetails, project= 2_a4j, execution_idx= 11, modelFlag=1, TestFlag=0
logs/model_seeding/2_a4j-net.kencochrane.a4j.beans.ListingProductDetails-1.0-11-out.txt
entry: bins/2_a4j/a4j-tests.jar
entry: bins/2_a4j/a4j.jar
** CP: bins/2_a4j/a4j-tests.jar:bins/2_a4j/a4j.jar
* EvoSuite 1.1.1-SNAPSHOT
* Going to generate test cases for class: net.kencochrane.a4j.beans.ListingProductDetails
* Starting Client-0
* Connecting to master process on port 2064
* Analyzing classpath: 
Problem: class= com.ib.client.EWrapper, project= 1_tullibee, execution_idx= 11, modelFlag=1, TestFlag=0
logs/model_seeding/1_tullibee-com.ib.client.EWrapper-1.0-11-out.txt
entry: bins/1_tullibee/tullibee-tests.jar
entry: bins/1_tullibee/tullibee.jar
** CP: bins/1_tullibee/tullibee-tests.jar:bins/1_tullibee/tullibee.jar
* EvoSuite 1.1.1-SNAPSHOT
* Going to generate test cases for class: com.ib.client.EWrapper
* Starting Client-0
* Connecting to master process on port 21953
* Analyzing classpath: 
  - bins/1_tullibee/tullibee-tests.jar
  - bins/1_tullibee/tullibee.jar
* Finished analyzing classpath
* Generating tests for class com.ib.client.EWrapper
* Test criteria:
  - Line Coverage
  - Branch Coverage
  - Exception
  - Mutation testing (weak)
  - Method-Output Coverage
  - Top-Level Method Coverage
  - No-Exception Top-Level Method Coverage
  - Context Branch Coverage
* Total number of test goals for DYNAMOSA: 0
* Using seed 1573167171975
* Starting evolution
* Initialsss Number of Goals in DynMOSA = 0 / 0
* Computation finished
ReRun: class= net.kencochrane.a4j.beans.Platforms, project= 2_a4j, execution_idx= 11, modelFlag=1, TestFlag=0
Model seeding is on - seed_clone=1.0
Problem: class= net.kencochrane.a4j.beans.Reviews, project= 2_a4j, execution_idx= 11, modelFlag=1, TestFlag=0
logs/model_seeding/2_a4j-net.kencochrane.a4j.beans.Reviews-1.0-11-out.txt
entry: bins/2_a4j/a4j-tests.jar
entry: bins/2_a4j/a4j.jar
** CP: bins/2_a4j/a4j-tests.jar:bins/2_a4j/a4j.jar
* EvoSuite 1.1.1-SNAPSHOT
* Going to generate test cases for class: net.kencochrane.a4j.beans.Reviews
* Starting Client-0
* Connecting to master process on port 5350
* Analyzing classpath: 
ReRun: class= net.kencochrane.a4j.beans.ProductLine, project= 2_a4j, execution_idx= 11, modelFlag=1, TestFlag=0
Model seeding is on - seed_clone=1.0
ReRun: class= net.kencochrane.a4j.beans.SellerFeedback, project= 2_a4j, execution_idx= 11, modelFlag=1, TestFlag=0
Model seeding is on - seed_clone=1.0
ReRun: class= net.kencochrane.a4j.beans.SellerProfile, project= 2_a4j, execution_idx= 11, modelFlag=1, TestFlag=0
Model seeding is on - seed_clone=1.0
ReRun: class= net.kencochrane.a4j.beans.SellerSearchDetails, project= 2_a4j, execution_idx= 11, modelFlag=1, TestFlag=0
Model seeding is on - seed_clone=1.0
ReRun: class= net.kencochrane.a4j.beans.ShoppingCartResponse, project= 2_a4j, execution_idx= 11, modelFlag=1, TestFlag=0
Model seeding is on - seed_clone=1.0
ReRun: class= net.kencochrane.a4j.beans.SimilarProducts, project= 2_a4j, execution_idx= 11, modelFlag=1, TestFlag=0
Model seeding is on - seed_clone=1.0
ReRun: class= net.kencochrane.a4j.beans.ThirdPartyProductDetails, project= 2_a4j, execution_idx= 11, modelFlag=1, TestFlag=0
Model seeding is on - seed_clone=1.0
ReRun: class= net.kencochrane.a4j.beans.ThirdPartyProductInfo, project= 2_a4j, execution_idx= 11, modelFlag=1, TestFlag=0
Model seeding is on - seed_clone=1.0
ReRun: class= net.kencochrane.a4j.beans.FeedBack, project= 2_a4j, execution_idx= 11, modelFlag=1, TestFlag=0
Problem: class= net.kencochrane.a4j.beans.Features, project= 2_a4j, execution_idx= 11, modelFlag=1, TestFlag=0
logs/model_seeding/2_a4j-net.kencochrane.a4j.beans.Features-1.0-11-out.txt
Model seeding is on - seed_clone=1.0
entry: bins/2_a4j/a4j-tests.jar
entry: bins/2_a4j/a4j.jar
** CP: bins/2_a4j/a4j-tests.jar:bins/2_a4j/a4j.jar
* EvoSuite 1.1.1-SNAPSHOT
* Going to generate test cases for class: net.kencochrane.a4j.beans.Features
* Starting Client-0
* Connecting to master process on port 2278
* Analyzing classpath: 
11,2_a4j,net.kencochrane.a4j.DAO.Search,1.0 Not Found. Rerunning ...
Running test generation for net.kencochrane.a4j.DAO.Search in 2_a4j
Problem: class= net.kencochrane.a4j.DAO.Product, project= 2_a4j, execution_idx= 11, modelFlag=1, TestFlag=0
logs/model_seeding/2_a4j-net.kencochrane.a4j.DAO.Product-1.0-11-out.txt
entry: bins/2_a4j/a4j-tests.jar
entry: bins/2_a4j/a4j.jar
** CP: bins/2_a4j/a4j-tests.jar:bins/2_a4j/a4j.jar
* EvoSuite 1.1.1-SNAPSHOT
* Going to generate test cases for class: net.kencochrane.a4j.DAO.Product
* Starting Client-0
* Connecting to master process on port 14810
* Analyzing classpath: 
Model seeding is on - seed_clone=1.0
ReRun: class= net.kencochrane.a4j.beans.Tracks, project= 2_a4j, execution_idx= 11, modelFlag=1, TestFlag=0
11,2_a4j,net.kencochrane.a4j.data.Query,1.0 Not Found. Rerunning ...
Running test generation for net.kencochrane.a4j.data.Query in 2_a4j
Model seeding is on - seed_clone=1.0
Model seeding is on - seed_clone=1.0
ReRun: class= net.kencochrane.a4j.beans.ProductLine, project= 2_a4j, execution_idx= 11, modelFlag=1, TestFlag=0
Model seeding is on - seed_clone=1.0
ReRun: class= net.kencochrane.a4j.beans.SellerFeedback, project= 2_a4j, execution_idx= 11, modelFlag=1, TestFlag=0
Model seeding is on - seed_clone=1.0
Problem: class= net.kencochrane.a4j.beans.SellerProfile, project= 2_a4j, execution_idx= 11, modelFlag=1, TestFlag=0
logs/model_seeding/2_a4j-net.kencochrane.a4j.beans.SellerProfile-1.0-11-out.txt
entry: bins/2_a4j/a4j-tests.jar
entry: bins/2_a4j/a4j.jar
** CP: bins/2_a4j/a4j-tests.jar:bins/2_a4j/a4j.jar
* EvoSuite 1.1.1-SNAPSHOT
* Going to generate test cases for class: net.kencochrane.a4j.beans.SellerProfile
* Starting Client-0
* Connecting to master process on port 6619
* Analyzing classpath: 
ReRun: class= net.kencochrane.a4j.beans.SellerSearchDetails, project= 2_a4j, execution_idx= 11, modelFlag=1, TestFlag=0
Model seeding is on - seed_clone=1.0
ReRun: class= net.kencochrane.a4j.beans.ShoppingCartResponse, project= 2_a4j, execution_idx= 11, modelFlag=1, TestFlag=0
Model seeding is on - seed_clone=1.0
ReRun: class= net.kencochrane.a4j.beans.SimilarProducts, project= 2_a4j, execution_idx= 11, modelFlag=1, TestFlag=0
Model seeding is on - seed_clone=1.0
ReRun: class= net.kencochrane.a4j.DAO.Search, project= 2_a4j, execution_idx= 11, modelFlag=1, TestFlag=0
Model seeding is on - seed_clone=1.0
Finished: class= com.ib.client.ContractDetails, project= 1_tullibee, execution_idx= 11, modelFlag=1, TestFlag=0
ReRun: class= net.kencochrane.a4j.beans.FeedBack, project= 2_a4j, execution_idx= 11, modelFlag=1, TestFlag=0
11,2_a4j,net.kencochrane.a4j.file.FileUtil,1.0 Not Found. Rerunning ...
Running test generation for net.kencochrane.a4j.file.FileUtil in 2_a4j
Finished: class= com.ib.client.Execution, project= 1_tullibee, execution_idx= 11, modelFlag=1, TestFlag=0
Model seeding is on - seed_clone=1.0
Model seeding is on - seed_clone=1.0
11,2_a4j,net.kencochrane.a4j.util.a4jUtil,1.0 Not Found. Rerunning ...
Running test generation for net.kencochrane.a4j.util.a4jUtil in 2_a4j
Model seeding is on - seed_clone=1.0
Problem: class= net.kencochrane.a4j.data.Query, project= 2_a4j, execution_idx= 11, modelFlag=1, TestFlag=0
logs/model_seeding/2_a4j-net.kencochrane.a4j.data.Query-1.0-11-out.txt
entry: bins/2_a4j/a4j-tests.jar
entry: bins/2_a4j/a4j.jar
** CP: bins/2_a4j/a4j-tests.jar:bins/2_a4j/a4j.jar
* EvoSuite 1.1.1-SNAPSHOT
* Going to generate test cases for class: net.kencochrane.a4j.data.Query
* Starting Client-0
* Connecting to master process on port 8618
* Analyzing classpath: 
11,2_a4j,net.kencochrane.a4j.util.LoadProperties,1.0 Not Found. Rerunning ...
Running test generation for net.kencochrane.a4j.util.LoadProperties in 2_a4j
Model seeding is on - seed_clone=1.0
Problem: class= net.kencochrane.a4j.beans.Tracks, project= 2_a4j, execution_idx= 11, modelFlag=1, TestFlag=0
logs/model_seeding/2_a4j-net.kencochrane.a4j.beans.Tracks-1.0-11-out.txt
entry: bins/2_a4j/a4j-tests.jar
entry: bins/2_a4j/a4j.jar
** CP: bins/2_a4j/a4j-tests.jar:bins/2_a4j/a4j.jar
* EvoSuite 1.1.1-SNAPSHOT
* Going to generate test cases for class: net.kencochrane.a4j.beans.Tracks
* Starting Client-0
* Connecting to master process on port 10506
* Analyzing classpath: 
Finished: class= com.ib.client.TagValue, project= 1_tullibee, execution_idx= 11, modelFlag=1, TestFlag=0
ReRun: class= net.kencochrane.a4j.beans.ProductLine, project= 2_a4j, execution_idx= 11, modelFlag=1, TestFlag=0
Model seeding is on - seed_clone=1.0
Finished: class= com.ib.client.UnderComp, project= 1_tullibee, execution_idx= 11, modelFlag=1, TestFlag=0
11,3_gaj,brain.ga.Evaluator,1.0 Not Found. Rerunning ...
Running test generation for brain.ga.Evaluator in 3_gaj
ReRun: class= net.kencochrane.a4j.beans.SellerSearchDetails, project= 2_a4j, execution_idx= 11, modelFlag=1, TestFlag=0
Model seeding is on - seed_clone=1.0
Model seeding is on - seed_clone=1.0
ReRun: class= net.kencochrane.a4j.beans.ShoppingCartResponse, project= 2_a4j, execution_idx= 11, modelFlag=1, TestFlag=0
Model seeding is on - seed_clone=1.0
ReRun: class= net.kencochrane.a4j.beans.SimilarProducts, project= 2_a4j, execution_idx= 11, modelFlag=1, TestFlag=0
Model seeding is on - seed_clone=1.0
ReRun: class= net.kencochrane.a4j.beans.FeedBack, project= 2_a4j, execution_idx= 11, modelFlag=1, TestFlag=0
Model seeding is on - seed_clone=1.0
ReRun: class= net.kencochrane.a4j.file.FileUtil, project= 2_a4j, execution_idx= 11, modelFlag=1, TestFlag=0
11,3_gaj,brain.ga.GAAlgorithm,1.0 Not Found. Rerunning ...
Running test generation for brain.ga.GAAlgorithm in 3_gaj
Model seeding is on - seed_clone=1.0
Model seeding is on - seed_clone=1.0
ReRun: class= net.kencochrane.a4j.beans.ProductLine, project= 2_a4j, execution_idx= 11, modelFlag=1, TestFlag=0
Model seeding is on - seed_clone=1.0
ReRun: class= net.kencochrane.a4j.beans.ShoppingCartResponse, project= 2_a4j, execution_idx= 11, modelFlag=1, TestFlag=0
Model seeding is on - seed_clone=1.0
ReRun: class= net.kencochrane.a4j.beans.SellerSearchDetails, project= 2_a4j, execution_idx= 11, modelFlag=1, TestFlag=0
Model seeding is on - seed_clone=1.0
ReRun: class= net.kencochrane.a4j.beans.SimilarProducts, project= 2_a4j, execution_idx= 11, modelFlag=1, TestFlag=0
Model seeding is on - seed_clone=1.0
ReRun: class= net.kencochrane.a4j.file.FileUtil, project= 2_a4j, execution_idx= 11, modelFlag=1, TestFlag=0
Model seeding is on - seed_clone=1.0
Problem: class= brain.ga.Evaluator, project= 3_gaj, execution_idx= 11, modelFlag=1, TestFlag=0
logs/model_seeding/3_gaj-brain.ga.Evaluator-1.0-11-out.txt
entry: bins/3_gaj/gaj-tests.jar
entry: bins/3_gaj/gaj.jar
** CP: bins/3_gaj/gaj-tests.jar:bins/3_gaj/gaj.jar
* EvoSuite 1.1.1-SNAPSHOT
* Going to generate test cases for class: brain.ga.Evaluator
* Starting Client-0
* Connecting to master process on port 4491
* Analyzing classpath: 
  - bins/3_gaj/gaj-tests.jar
  - bins/3_gaj/gaj.jar
* Finished analyzing classpath
* Generating tests for class brain.ga.Evaluator
* Test criteria:
  - Line Coverage
  - Branch Coverage
  - Exception
  - Mutation testing (weak)
  - Method-Output Coverage
  - Top-Level Method Coverage
  - No-Exception Top-Level Method Coverage
  - Context Branch Coverage
* Total number of test goals for DYNAMOSA: 0
* Using seed 1573167224836
* Starting evolution
* Initialsss Number of Goals in DynMOSA = 0 / 0
* Computation finished
ReRun: class= net.kencochrane.a4j.beans.ShoppingCartResponse, project= 2_a4j, execution_idx= 11, modelFlag=1, TestFlag=0
Model seeding is on - seed_clone=1.0
Finished: class= com.ib.client.OrderState, project= 1_tullibee, execution_idx= 11, modelFlag=1, TestFlag=0
Problem: class= net.kencochrane.a4j.beans.SimilarProducts, project= 2_a4j, execution_idx= 11, modelFlag=1, TestFlag=0
logs/model_seeding/2_a4j-net.kencochrane.a4j.beans.SimilarProducts-1.0-11-out.txt
entry: bins/2_a4j/a4j-tests.jar
entry: bins/2_a4j/a4j.jar
** CP: bins/2_a4j/a4j-tests.jar:bins/2_a4j/a4j.jar
* EvoSuite 1.1.1-SNAPSHOT
* Going to generate test cases for class: net.kencochrane.a4j.beans.SimilarProducts
* Starting Client-0
* Connecting to master process on port 11374
* Analyzing classpath: 
Finished: class= com.ib.client.ComboLeg, project= 1_tullibee, execution_idx= 11, modelFlag=1, TestFlag=0
11,3_gaj,brain.ga.GAEnumAllelesSet,1.0 Not Found. Rerunning ...
Running test generation for brain.ga.GAEnumAllelesSet in 3_gaj
Model seeding is on - seed_clone=1.0
Finished: class= com.ib.client.ScannerSubscription, project= 1_tullibee, execution_idx= 11, modelFlag=1, TestFlag=0
11,3_gaj,brain.ga.GAUtilities,1.0 Not Found. Rerunning ...
Running test generation for brain.ga.GAUtilities in 3_gaj
Model seeding is on - seed_clone=1.0
Finished: class= net.kencochrane.a4j.beans.SellerSearchDetails, project= 2_a4j, execution_idx= 11, modelFlag=1, TestFlag=0
11,3_gaj,brain.ga.Genome,1.0 Not Found. Rerunning ...
Running test generation for brain.ga.Genome in 3_gaj
Model seeding is on - seed_clone=1.0
Finished: class= net.kencochrane.a4j.beans.ShoppingCartResponse, project= 2_a4j, execution_idx= 11, modelFlag=1, TestFlag=0
11,3_gaj,brain.ga.Mutator,1.0 Not Found. Rerunning ...
Running test generation for brain.ga.Mutator in 3_gaj
Model seeding is on - seed_clone=1.0
ReRun: class= brain.ga.Genome, project= 3_gaj, execution_idx= 11, modelFlag=1, TestFlag=0
Model seeding is on - seed_clone=1.0
Problem: class= brain.ga.Mutator, project= 3_gaj, execution_idx= 11, modelFlag=1, TestFlag=0
logs/model_seeding/3_gaj-brain.ga.Mutator-1.0-11-out.txt
entry: bins/3_gaj/gaj-tests.jar
entry: bins/3_gaj/gaj.jar
** CP: bins/3_gaj/gaj-tests.jar:bins/3_gaj/gaj.jar
* EvoSuite 1.1.1-SNAPSHOT
* Going to generate test cases for class: brain.ga.Mutator
* Starting Client-0
* Connecting to master process on port 14078
* Analyzing classpath: 
11,3_gaj,brain.ga.Population,1.0 Not Found. Rerunning ...
Running test generation for brain.ga.Population in 3_gaj
Model seeding is on - seed_clone=1.0
Finished: class= com.ib.client.EClientErrors, project= 1_tullibee, execution_idx= 11, modelFlag=1, TestFlag=0
11,3_gaj,brain.ga.RankSelector,1.0 Not Found. Rerunning ...
Running test generation for brain.ga.RankSelector in 3_gaj
Model seeding is on - seed_clone=1.0
11,3_gaj,brain.ga.SectMutator,1.0 Not Found. Rerunning ...
Running test generation for brain.ga.SectMutator in 3_gaj
Model seeding is on - seed_clone=1.0
Finished: class= com.ib.client.AnyWrapperMsgGenerator, project= 1_tullibee, execution_idx= 11, modelFlag=1, TestFlag=0
11,3_gaj,brain.ga.Selector,1.0 Not Found. Rerunning ...
Running test generation for brain.ga.Selector in 3_gaj
Model seeding is on - seed_clone=1.0
Finished: class= com.ib.client.EException, project= 1_tullibee, execution_idx= 11, modelFlag=1, TestFlag=0
11,3_gaj,brain.ga.SexualCrossover,1.0 Not Found. Rerunning ...
Running test generation for brain.ga.SexualCrossover in 3_gaj
Model seeding is on - seed_clone=1.0
ReRun: class= brain.ga.RankSelector, project= 3_gaj, execution_idx= 11, modelFlag=1, TestFlag=0
Model seeding is on - seed_clone=1.0
Finished: class= net.kencochrane.a4j.beans.Authors, project= 2_a4j, execution_idx= 11, modelFlag=1, TestFlag=0
ReRun: class= brain.ga.Selector, project= 3_gaj, execution_idx= 11, modelFlag=1, TestFlag=0
Model seeding is on - seed_clone=1.0
11,3_gaj,brain.ga.UniformCrossover,1.0 Not Found. Rerunning ...
Running test generation for brain.ga.UniformCrossover in 3_gaj
Model seeding is on - seed_clone=1.0
Finished: class= net.kencochrane.a4j.beans.ListingProductInfo, project= 2_a4j, execution_idx= 11, modelFlag=1, TestFlag=0
Problem: class= brain.ga.SexualCrossover, project= 3_gaj, execution_idx= 11, modelFlag=1, TestFlag=0
logs/model_seeding/3_gaj-brain.ga.SexualCrossover-1.0-11-out.txt
entry: bins/3_gaj/gaj-tests.jar
entry: bins/3_gaj/gaj.jar
** CP: bins/3_gaj/gaj-tests.jar:bins/3_gaj/gaj.jar
* EvoSuite 1.1.1-SNAPSHOT
* Going to generate test cases for class: brain.ga.SexualCrossover
* Starting Client-0
* Connecting to master process on port 10032
* Analyzing classpath: 
11,3_gaj,brain.ga.VectorAllelesGenome,1.0 Not Found. Rerunning ...
Running test generation for brain.ga.VectorAllelesGenome in 3_gaj
Model seeding is on - seed_clone=1.0
11,3_gaj,brain.ga.VectorGenome,1.0 Not Found. Rerunning ...
Running test generation for brain.ga.VectorGenome in 3_gaj
Model seeding is on - seed_clone=1.0
11,4_rif,com.densebrain.rif.client.RIFClassLoader,1.0 Not Found. Rerunning ...
Running test generation for com.densebrain.rif.client.RIFClassLoader in 4_rif
Model seeding is on - seed_clone=1.0
Finished: class= com.ib.client.ExecutionFilter, project= 1_tullibee, execution_idx= 11, modelFlag=1, TestFlag=0
Finished: class= net.kencochrane.a4j.beans.CustomerReview, project= 2_a4j, execution_idx= 11, modelFlag=1, TestFlag=0
Finished: class= net.kencochrane.a4j.beans.Mode, project= 2_a4j, execution_idx= 11, modelFlag=1, TestFlag=0
11,4_rif,com.densebrain.rif.client.RIFInvoker,1.0 Not Found. Rerunning ...
Running test generation for com.densebrain.rif.client.RIFInvoker in 4_rif
Model seeding is on - seed_clone=1.0
Finished: class= net.kencochrane.a4j.beans.Artists, project= 2_a4j, execution_idx= 11, modelFlag=1, TestFlag=0
11,4_rif,com.densebrain.rif.client.RIFManager,1.0 Not Found. Rerunning ...
Running test generation for com.densebrain.rif.client.RIFManager in 4_rif
Model seeding is on - seed_clone=1.0
11,4_rif,com.densebrain.rif.client.RIFManagerFactory,1.0 Not Found. Rerunning ...
Running test generation for com.densebrain.rif.client.RIFManagerFactory in 4_rif
Model seeding is on - seed_clone=1.0
11,4_rif,com.densebrain.rif.client.service.RIFService,1.0 Not Found. Rerunning ...
Running test generation for com.densebrain.rif.client.service.RIFService in 4_rif
Model seeding is on - seed_clone=1.0
11,4_rif,com.densebrain.rif.client.service.RIFServiceStub,1.0 Not Found. Rerunning ...
Running test generation for com.densebrain.rif.client.service.RIFServiceStub in 4_rif
Finished: class= net.kencochrane.a4j.beans.Accessories, project= 2_a4j, execution_idx= 11, modelFlag=1, TestFlag=0
Model seeding is on - seed_clone=1.0
11,4_rif,com.densebrain.rif.client.service.types.Invoke,1.0 Not Found. Rerunning ...
Running test generation for com.densebrain.rif.client.service.types.Invoke in 4_rif
Model seeding is on - seed_clone=1.0
Finished: class= net.kencochrane.a4j.beans.Items, project= 2_a4j, execution_idx= 11, modelFlag=1, TestFlag=0
Finished: class= net.kencochrane.a4j.beans.BrowseList, project= 2_a4j, execution_idx= 11, modelFlag=1, TestFlag=0
11,4_rif,com.densebrain.rif.client.service.types.InvokeResponse,1.0 Not Found. Rerunning ...
Running test generation for com.densebrain.rif.client.service.types.InvokeResponse in 4_rif
Finished: class= net.kencochrane.a4j.beans.RecentlyViewed, project= 2_a4j, execution_idx= 11, modelFlag=1, TestFlag=0
Model seeding is on - seed_clone=1.0
11,5_templateit,org.templateit.DynamicTemplate,1.0 Not Found. Rerunning ...
Running test generation for org.templateit.DynamicTemplate in 5_templateit
Model seeding is on - seed_clone=1.0
Finished: class= net.kencochrane.a4j.beans.Directors, project= 2_a4j, execution_idx= 11, modelFlag=1, TestFlag=0
11,5_templateit,org.templateit.MergeRegion,1.0 Not Found. Rerunning ...
Running test generation for org.templateit.MergeRegion in 5_templateit
Model seeding is on - seed_clone=1.0
ReRun: class= brain.ga.UniformCrossover, project= 3_gaj, execution_idx= 11, modelFlag=1, TestFlag=0
Model seeding is on - seed_clone=1.0
Finished: class= net.kencochrane.a4j.A4j, project= 2_a4j, execution_idx= 11, modelFlag=1, TestFlag=0
Finished: class= net.kencochrane.a4j.beans.BlendedSearch, project= 2_a4j, execution_idx= 11, modelFlag=1, TestFlag=0
11,5_templateit,org.templateit.NamedStyle,1.0 Not Found. Rerunning ...
Running test generation for org.templateit.NamedStyle in 5_templateit
Model seeding is on - seed_clone=1.0
11,5_templateit,org.templateit.OpMatcher,1.0 Not Found. Rerunning ...
Running test generation for org.templateit.OpMatcher in 5_templateit
Model seeding is on - seed_clone=1.0
Finished: class= net.kencochrane.a4j.beans.SellerSearch, project= 2_a4j, execution_idx= 11, modelFlag=1, TestFlag=0
11,5_templateit,org.templateit.Parameter,1.0 Not Found. Rerunning ...
Running test generation for org.templateit.Parameter in 5_templateit
Model seeding is on - seed_clone=1.0
Finished: class= net.kencochrane.a4j.beans.Lists, project= 2_a4j, execution_idx= 11, modelFlag=1, TestFlag=0
11,5_templateit,org.templateit.PdfWriter,1.0 Not Found. Rerunning ...
Running test generation for org.templateit.PdfWriter in 5_templateit
Model seeding is on - seed_clone=1.0
Finished: class= net.kencochrane.a4j.beans.MiniProduct, project= 2_a4j, execution_idx= 11, modelFlag=1, TestFlag=0
Finished: class= net.kencochrane.a4j.beans.Starring, project= 2_a4j, execution_idx= 11, modelFlag=1, TestFlag=0
Problem: class= com.densebrain.rif.client.service.types.Invoke, project= 4_rif, execution_idx= 11, modelFlag=1, TestFlag=0
logs/model_seeding/4_rif-com.densebrain.rif.client.service.types.Invoke-1.0-11-out.txt
entry: bins/4_rif/rif-tests.jar
entry: bins/4_rif/rif.jar
** CP: bins/4_rif/rif-tests.jar:bins/4_rif/rif.jar
* EvoSuite 1.1.1-SNAPSHOT
* Going to generate test cases for class: com.densebrain.rif.client.service.types.Invoke
* Starting Client-0
* Connecting to master process on port 12493
* Analyzing classpath: 
* Error while initializing target class: org/apache/axis2/databinding/ADBBean
* Computation finished
11,5_templateit,org.templateit.Poi2ItextUtil,1.0 Not Found. Rerunning ...
Running test generation for org.templateit.Poi2ItextUtil in 5_templateit
Model seeding is on - seed_clone=1.0
ReRun: class= org.templateit.MergeRegion, project= 5_templateit, execution_idx= 11, modelFlag=1, TestFlag=0
Model seeding is on - seed_clone=1.0
Finished: class= net.kencochrane.a4j.beans.SellerProfileDetails, project= 2_a4j, execution_idx= 11, modelFlag=1, TestFlag=0
11,5_templateit,org.templateit.Reference,1.0 Not Found. Rerunning ...
Running test generation for org.templateit.Reference in 5_templateit
Model seeding is on - seed_clone=1.0
Problem: class= com.densebrain.rif.client.service.RIFServiceStub, project= 4_rif, execution_idx= 11, modelFlag=1, TestFlag=0
logs/model_seeding/4_rif-com.densebrain.rif.client.service.RIFServiceStub-1.0-11-out.txt
entry: bins/4_rif/rif-tests.jar
entry: bins/4_rif/rif.jar
** CP: bins/4_rif/rif-tests.jar:bins/4_rif/rif.jar
* EvoSuite 1.1.1-SNAPSHOT
* Going to generate test cases for class: com.densebrain.rif.client.service.RIFServiceStub
* Starting Client-0
* Connecting to master process on port 15324
* Analyzing classpath: 
* Error while initializing target class: org/apache/axis2/client/Stub
* Computation finished
11,5_templateit,org.templateit.Region,1.0 Not Found. Rerunning ...
Running test generation for org.templateit.Region in 5_templateit
Model seeding is on - seed_clone=1.0
11,5_templateit,org.templateit.StaticTemplate,1.0 Not Found. Rerunning ...
Running test generation for org.templateit.StaticTemplate in 5_templateit
Problem: class= com.densebrain.rif.client.RIFInvoker, project= 4_rif, execution_idx= 11, modelFlag=1, TestFlag=0
logs/model_seeding/4_rif-com.densebrain.rif.client.RIFInvoker-1.0-11-out.txt
entry: bins/4_rif/rif-tests.jar
entry: bins/4_rif/rif.jar
** CP: bins/4_rif/rif-tests.jar:bins/4_rif/rif.jar
* EvoSuite 1.1.1-SNAPSHOT
* Going to generate test cases for class: com.densebrain.rif.client.RIFInvoker
* Starting Client-0
* Connecting to master process on port 20400
* Analyzing classpath: 
* Error while initializing target class: Class not found: org/apache/bcel/generic/BasicType: java.lang.NullPointerException: Class not found org/apache/bcel/generic/BasicType
* Computation finished
Model seeding is on - seed_clone=1.0
11,5_templateit,org.templateit.Template,1.0 Not Found. Rerunning ...
Running test generation for org.templateit.Template in 5_templateit
Model seeding is on - seed_clone=1.0
Finished: class= net.kencochrane.a4j.DAO.Cart, project= 2_a4j, execution_idx= 11, modelFlag=1, TestFlag=0
11,5_templateit,org.templateit.TemplateIt,1.0 Not Found. Rerunning ...
Running test generation for org.templateit.TemplateIt in 5_templateit
Model seeding is on - seed_clone=1.0
11,5_templateit,org.templateit.TemplateProcessor,1.0 Not Found. Rerunning ...
Running test generation for org.templateit.TemplateProcessor in 5_templateit
Finished: class= net.kencochrane.a4j.beans.FullProduct, project= 2_a4j, execution_idx= 11, modelFlag=1, TestFlag=0
Model seeding is on - seed_clone=1.0
11,5_templateit,org.templateit.TemplateSheet,1.0 Not Found. Rerunning ...
Running test generation for org.templateit.TemplateSheet in 5_templateit
Model seeding is on - seed_clone=1.0
Problem: class= com.densebrain.rif.client.service.types.InvokeResponse, project= 4_rif, execution_idx= 11, modelFlag=1, TestFlag=0
logs/model_seeding/4_rif-com.densebrain.rif.client.service.types.InvokeResponse-1.0-11-out.txt
entry: bins/4_rif/rif-tests.jar
entry: bins/4_rif/rif.jar
** CP: bins/4_rif/rif-tests.jar:bins/4_rif/rif.jar
* EvoSuite 1.1.1-SNAPSHOT
* Going to generate test cases for class: com.densebrain.rif.client.service.types.InvokeResponse
* Starting Client-0
* Connecting to master process on port 19581
* Analyzing classpath: 
* Error while initializing target class: org/apache/axis2/databinding/ADBBean
* Computation finished
Problem: class= brain.ga.Selector, project= 3_gaj, execution_idx= 11, modelFlag=1, TestFlag=0
logs/model_seeding/3_gaj-brain.ga.Selector-1.0-11-out.txt
entry: bins/3_gaj/gaj-tests.jar
entry: bins/3_gaj/gaj.jar
** CP: bins/3_gaj/gaj-tests.jar:bins/3_gaj/gaj.jar
* EvoSuite 1.1.1-SNAPSHOT
* Going to generate test cases for class: brain.ga.Selector
* Starting Client-0
* Connecting to master process on port 21534
* Analyzing classpath: 
  - bins/3_gaj/gaj-tests.jar
  - bins/3_gaj/gaj.jar
* Finished analyzing classpath
* Generating tests for class brain.ga.Selector
* Test criteria:
  - Line Coverage
  - Branch Coverage
  - Exception
  - Mutation testing (weak)
  - Method-Output Coverage
  - Top-Level Method Coverage
  - No-Exception Top-Level Method Coverage
  - Context Branch Coverage
* Total number of test goals for DYNAMOSA: 0
* Using seed 1573167391162
* Starting evolution
* Initialsss Number of Goals in DynMOSA = 0 / 0
* Computation finished
11,5_templateit,org.templateit.TemplateWorkbook,1.0 Not Found. Rerunning ...
Running test generation for org.templateit.TemplateWorkbook in 5_templateit
Model seeding is on - seed_clone=1.0
11,5_templateit,org.templateit.util.DelimitedFileReader,1.0 Not Found. Rerunning ...
Running test generation for org.templateit.util.DelimitedFileReader in 5_templateit
Model seeding is on - seed_clone=1.0
11,5_templateit,org.templateit.util.FormulaUtil,1.0 Not Found. Rerunning ...
Running test generation for org.templateit.util.FormulaUtil in 5_templateit
Model seeding is on - seed_clone=1.0
11,5_templateit,org.templateit.WorkbookParser,1.0 Not Found. Rerunning ...
Running test generation for org.templateit.WorkbookParser in 5_templateit
Model seeding is on - seed_clone=1.0
11,6_jnfe,br.com.jnfe.base.C_ICMS,1.0 Not Found. Rerunning ...
Running test generation for br.com.jnfe.base.C_ICMS in 6_jnfe
Model seeding is on - seed_clone=1.0
11,6_jnfe,br.com.jnfe.base.COFINS,1.0 Not Found. Rerunning ...
Running test generation for br.com.jnfe.base.COFINS in 6_jnfe
Model seeding is on - seed_clone=1.0
ReRun: class= org.templateit.Parameter, project= 5_templateit, execution_idx= 11, modelFlag=1, TestFlag=0
Problem: class= org.templateit.DynamicTemplate, project= 5_templateit, execution_idx= 11, modelFlag=1, TestFlag=0
logs/model_seeding/5_templateit-org.templateit.DynamicTemplate-1.0-11-out.txt
entry: bins/5_templateit/templateit-tests.jar
entry: bins/5_templateit/templateit.jar
** CP: bins/5_templateit/templateit-tests.jar:bins/5_templateit/templateit.jar
* EvoSuite 1.1.1-SNAPSHOT
* Going to generate test cases for class: org.templateit.DynamicTemplate
* Starting Client-0
* Connecting to master process on port 6000
* Analyzing classpath: 
* Error while initializing target class: org/apache/log4j/Logger
* Computation finished
Finished: class= com.ib.client.TickType, project= 1_tullibee, execution_idx= 11, modelFlag=1, TestFlag=0
Model seeding is on - seed_clone=1.0
11,6_jnfe,br.com.jnfe.base.ConsReciNFe,1.0 Not Found. Rerunning ...
Running test generation for br.com.jnfe.base.ConsReciNFe in 6_jnfe
Model seeding is on - seed_clone=1.0
11,6_jnfe,br.com.jnfe.base.ContribICMS,1.0 Not Found. Rerunning ...
Running test generation for br.com.jnfe.base.ContribICMS in 6_jnfe
Model seeding is on - seed_clone=1.0
Problem: class= com.densebrain.rif.client.service.RIFService, project= 4_rif, execution_idx= 11, modelFlag=1, TestFlag=0
logs/model_seeding/4_rif-com.densebrain.rif.client.service.RIFService-1.0-11-out.txt
entry: bins/4_rif/rif-tests.jar
entry: bins/4_rif/rif.jar
** CP: bins/4_rif/rif-tests.jar:bins/4_rif/rif.jar
* EvoSuite 1.1.1-SNAPSHOT
* Going to generate test cases for class: com.densebrain.rif.client.service.RIFService
* Starting Client-0
* Connecting to master process on port 13173
* Analyzing classpath: 
  - bins/4_rif/rif-tests.jar
  - bins/4_rif/rif.jar
* Error while initializing target class: com/densebrain/rif/client/service/types/Invoke
* Computation finished
11,6_jnfe,br.com.jnfe.base.CRT,1.0 Not Found. Rerunning ...
Running test generation for br.com.jnfe.base.CRT in 6_jnfe
Model seeding is on - seed_clone=1.0
Problem: class= com.densebrain.rif.client.RIFManager, project= 4_rif, execution_idx= 11, modelFlag=1, TestFlag=0
logs/model_seeding/4_rif-com.densebrain.rif.client.RIFManager-1.0-11-out.txt
entry: bins/4_rif/rif-tests.jar
entry: bins/4_rif/rif.jar
** CP: bins/4_rif/rif-tests.jar:bins/4_rif/rif.jar
* EvoSuite 1.1.1-SNAPSHOT
* Going to generate test cases for class: com.densebrain.rif.client.RIFManager
* Starting Client-0
* Connecting to master process on port 21758
* Analyzing classpath: 
  - bins/4_rif/rif-tests.jar
  - bins/4_rif/rif.jar
* Error while initializing target class: Type com.densebrain.rif.client.RIFInvoker not present
* Computation finished
11,6_jnfe,br.com.jnfe.base.CST_COFINS,1.0 Not Found. Rerunning ...
Running test generation for br.com.jnfe.base.CST_COFINS in 6_jnfe
Model seeding is on - seed_clone=1.0
Problem: class= com.densebrain.rif.client.RIFManagerFactory, project= 4_rif, execution_idx= 11, modelFlag=1, TestFlag=0
logs/model_seeding/4_rif-com.densebrain.rif.client.RIFManagerFactory-1.0-11-out.txt
entry: bins/4_rif/rif-tests.jar
entry: bins/4_rif/rif.jar
** CP: bins/4_rif/rif-tests.jar:bins/4_rif/rif.jar
* EvoSuite 1.1.1-SNAPSHOT
* Going to generate test cases for class: com.densebrain.rif.client.RIFManagerFactory
* Starting Client-0
* Connecting to master process on port 2156
* Analyzing classpath: 
  - bins/4_rif/rif-tests.jar
  - bins/4_rif/rif.jar
* Finished analyzing classpath
* Generating tests for class com.densebrain.rif.client.RIFManagerFactory
* Test criteria:
  - Line Coverage
  - Branch Coverage
  - Exception
  - Mutation testing (weak)
  - Method-Output Coverage
  - Top-Level Method Coverage
  - No-Exception Top-Level Method Coverage
  - Context Branch Coverage
* Computation finished
Finished: class= net.kencochrane.a4j.beans.Platforms, project= 2_a4j, execution_idx= 11, modelFlag=1, TestFlag=0
Finished: class= net.kencochrane.a4j.beans.Item, project= 2_a4j, execution_idx= 11, modelFlag=1, TestFlag=0
Finished: class= net.kencochrane.a4j.beans.ProductInfo, project= 2_a4j, execution_idx= 11, modelFlag=1, TestFlag=0
ReRun: class= org.templateit.Poi2ItextUtil, project= 5_templateit, execution_idx= 11, modelFlag=1, TestFlag=0
Model seeding is on - seed_clone=1.0
11,6_jnfe,br.com.jnfe.base.CST_Grupo,1.0 Not Found. Rerunning ...
Running test generation for br.com.jnfe.base.CST_Grupo in 6_jnfe
Model seeding is on - seed_clone=1.0
Finished: class= brain.ga.VectorAllelesGenome, project= 3_gaj, execution_idx= 11, modelFlag=1, TestFlag=0
Problem: class= org.templateit.PdfWriter, project= 5_templateit, execution_idx= 11, modelFlag=1, TestFlag=0
logs/model_seeding/5_templateit-org.templateit.PdfWriter-1.0-11-out.txt
entry: bins/5_templateit/templateit-tests.jar
entry: bins/5_templateit/templateit.jar
** CP: bins/5_templateit/templateit-tests.jar:bins/5_templateit/templateit.jar
* EvoSuite 1.1.1-SNAPSHOT
* Going to generate test cases for class: org.templateit.PdfWriter
* Starting Client-0
* Connecting to master process on port 4346
* Analyzing classpath: 
* Error while initializing target class: Class not found: org/apache/poi/hssf/usermodel/HSSFRichTextString: java.lang.NullPointerException: Class not found org/apache/poi/hssf/usermodel/HSSFRichTextString
* Computation finished
Finished: class= net.kencochrane.a4j.beans.ThirdPartyProductInfo, project= 2_a4j, execution_idx= 11, modelFlag=1, TestFlag=0
ReRun: class= org.templateit.util.FormulaUtil, project= 5_templateit, execution_idx= 11, modelFlag=1, TestFlag=0
Model seeding is on - seed_clone=1.0
11,6_jnfe,br.com.jnfe.base.CST_IPI,1.0 Not Found. Rerunning ...
Running test generation for br.com.jnfe.base.CST_IPI in 6_jnfe
Finished: class= net.kencochrane.a4j.beans.ModeList, project= 2_a4j, execution_idx= 11, modelFlag=1, TestFlag=0
Model seeding is on - seed_clone=1.0
Finished: class= net.kencochrane.a4j.beans.ShoppingCart, project= 2_a4j, execution_idx= 11, modelFlag=1, TestFlag=0
11,6_jnfe,br.com.jnfe.base.CST_PIS,1.0 Not Found. Rerunning ...
Running test generation for br.com.jnfe.base.CST_PIS in 6_jnfe
Model seeding is on - seed_clone=1.0
Problem: class= org.templateit.TemplateSheet, project= 5_templateit, execution_idx= 11, modelFlag=1, TestFlag=0
logs/model_seeding/5_templateit-org.templateit.TemplateSheet-1.0-11-out.txt
11,6_jnfe,br.com.jnfe.base.CStat,1.0 Not Found. Rerunning ...
Running test generation for br.com.jnfe.base.CStat in 6_jnfe
entry: bins/5_templateit/templateit-tests.jar
entry: bins/5_templateit/templateit.jar
** CP: bins/5_templateit/templateit-tests.jar:bins/5_templateit/templateit.jar
* EvoSuite 1.1.1-SNAPSHOT
* Going to generate test cases for class: org.templateit.TemplateSheet
* Starting Client-0
* Connecting to master process on port 17066
* Analyzing classpath: 
Model seeding is on - seed_clone=1.0
11,6_jnfe,br.com.jnfe.base.DefaultNamespacePrefixMapper,1.0 Not Found. Rerunning ...
Running test generation for br.com.jnfe.base.DefaultNamespacePrefixMapper in 6_jnfe
Problem: class= br.com.jnfe.base.ConsReciNFe, project= 6_jnfe, execution_idx= 11, modelFlag=1, TestFlag=0
logs/model_seeding/6_jnfe-br.com.jnfe.base.ConsReciNFe-1.0-11-out.txt
Model seeding is on - seed_clone=1.0
entry: bins/6_jnfe/jnfe-tests.jar
entry: bins/6_jnfe/jnfe.jar
** CP: bins/6_jnfe/jnfe-tests.jar:bins/6_jnfe/jnfe.jar
* EvoSuite 1.1.1-SNAPSHOT
* Going to generate test cases for class: br.com.jnfe.base.ConsReciNFe
* Starting Client-0
* Connecting to master process on port 7811
* Analyzing classpath: 
Problem: class= org.templateit.TemplateIt, project= 5_templateit, execution_idx= 11, modelFlag=1, TestFlag=0
logs/model_seeding/5_templateit-org.templateit.TemplateIt-1.0-11-out.txt
entry: bins/5_templateit/templateit-tests.jar
entry: bins/5_templateit/templateit.jar
** CP: bins/5_templateit/templateit-tests.jar:bins/5_templateit/templateit.jar
* EvoSuite 1.1.1-SNAPSHOT
* Going to generate test cases for class: org.templateit.TemplateIt
* Starting Client-0
* Connecting to master process on port 2902
* Analyzing classpath: 
* Error while initializing target class: org/apache/log4j/Logger
* Computation finished
Problem: class= org.templateit.StaticTemplate, project= 5_templateit, execution_idx= 11, modelFlag=1, TestFlag=0
logs/model_seeding/5_templateit-org.templateit.StaticTemplate-1.0-11-out.txt
11,6_jnfe,br.com.jnfe.base.Endereco,1.0 Not Found. Rerunning ...
Running test generation for br.com.jnfe.base.Endereco in 6_jnfe
entry: bins/5_templateit/templateit-tests.jar
entry: bins/5_templateit/templateit.jar
** CP: bins/5_templateit/templateit-tests.jar:bins/5_templateit/templateit.jar
* EvoSuite 1.1.1-SNAPSHOT
* Going to generate test cases for class: org.templateit.StaticTemplate
* Starting Client-0
* Connecting to master process on port 16804
* Analyzing classpath: 
* Error while initializing target class: org/apache/log4j/Logger
* Computation finished
Model seeding is on - seed_clone=1.0
Finished: class= net.kencochrane.a4j.beans.BrowseNode, project= 2_a4j, execution_idx= 11, modelFlag=1, TestFlag=0
11,6_jnfe,br.com.jnfe.base.FinNFe,1.0 Not Found. Rerunning ...
Running test generation for br.com.jnfe.base.FinNFe in 6_jnfe
Model seeding is on - seed_clone=1.0
Problem: class= org.templateit.Template, project= 5_templateit, execution_idx= 11, modelFlag=1, TestFlag=0
logs/model_seeding/5_templateit-org.templateit.Template-1.0-11-out.txt
entry: bins/5_templateit/templateit-tests.jar
entry: bins/5_templateit/templateit.jar
** CP: bins/5_templateit/templateit-tests.jar:bins/5_templateit/templateit.jar
* EvoSuite 1.1.1-SNAPSHOT
* Going to generate test cases for class: org.templateit.Template
* Starting Client-0
* Connecting to master process on port 17760
* Analyzing classpath: 
* Error while initializing target class: org/apache/log4j/Logger
* Computation finished
11,6_jnfe,br.com.jnfe.base.ICMS,1.0 Not Found. Rerunning ...
Running test generation for br.com.jnfe.base.ICMS in 6_jnfe
Model seeding is on - seed_clone=1.0
11,6_jnfe,br.com.jnfe.base.ICMSExt,1.0 Not Found. Rerunning ...
Running test generation for br.com.jnfe.base.ICMSExt in 6_jnfe
Model seeding is on - seed_clone=1.0
Problem: class= org.templateit.TemplateProcessor, project= 5_templateit, execution_idx= 11, modelFlag=1, TestFlag=0
logs/model_seeding/5_templateit-org.templateit.TemplateProcessor-1.0-11-out.txt
entry: bins/5_templateit/templateit-tests.jar
entry: bins/5_templateit/templateit.jar
** CP: bins/5_templateit/templateit-tests.jar:bins/5_templateit/templateit.jar
* EvoSuite 1.1.1-SNAPSHOT
* Going to generate test cases for class: org.templateit.TemplateProcessor
* Starting Client-0
* Connecting to master process on port 9484
* Analyzing classpath: 
* Error while initializing target class: org/apache/log4j/Logger
* Computation finished
11,6_jnfe,br.com.jnfe.base.ICMSST,1.0 Not Found. Rerunning ...
Running test generation for br.com.jnfe.base.ICMSST in 6_jnfe
Model seeding is on - seed_clone=1.0
11,6_jnfe,br.com.jnfe.base.IndPag,1.0 Not Found. Rerunning ...
Running test generation for br.com.jnfe.base.IndPag in 6_jnfe
Model seeding is on - seed_clone=1.0
Finished: class= com.ib.client.Contract, project= 1_tullibee, execution_idx= 11, modelFlag=1, TestFlag=0
11,6_jnfe,br.com.jnfe.base.IndTot,1.0 Not Found. Rerunning ...
Running test generation for br.com.jnfe.base.IndTot in 6_jnfe
Problem: class= org.templateit.WorkbookParser, project= 5_templateit, execution_idx= 11, modelFlag=1, TestFlag=0
logs/model_seeding/5_templateit-org.templateit.WorkbookParser-1.0-11-out.txt
entry: bins/5_templateit/templateit-tests.jar
entry: bins/5_templateit/templateit.jar
** CP: bins/5_templateit/templateit-tests.jar:bins/5_templateit/templateit.jar
* EvoSuite 1.1.1-SNAPSHOT
* Going to generate test cases for class: org.templateit.WorkbookParser
* Starting Client-0
* Connecting to master process on port 14886
* Analyzing classpath: 
* Error while initializing target class: org/apache/log4j/Logger
* Computation finished
Model seeding is on - seed_clone=1.0
11,6_jnfe,br.com.jnfe.base.IPI,1.0 Not Found. Rerunning ...
Running test generation for br.com.jnfe.base.IPI in 6_jnfe
Model seeding is on - seed_clone=1.0
11,6_jnfe,br.com.jnfe.base.ModBC,1.0 Not Found. Rerunning ...
Running test generation for br.com.jnfe.base.ModBC in 6_jnfe
Model seeding is on - seed_clone=1.0
11,6_jnfe,br.com.jnfe.base.ModBCST,1.0 Not Found. Rerunning ...
Running test generation for br.com.jnfe.base.ModBCST in 6_jnfe
Model seeding is on - seed_clone=1.0
11,6_jnfe,br.com.jnfe.base.ModeloNFe,1.0 Not Found. Rerunning ...
Running test generation for br.com.jnfe.base.ModeloNFe in 6_jnfe
Model seeding is on - seed_clone=1.0
11,6_jnfe,br.com.jnfe.base.ModFrete,1.0 Not Found. Rerunning ...
Running test generation for br.com.jnfe.base.ModFrete in 6_jnfe
Model seeding is on - seed_clone=1.0
11,6_jnfe,br.com.jnfe.base.MotDesICMS,1.0 Not Found. Rerunning ...
Running test generation for br.com.jnfe.base.MotDesICMS in 6_jnfe
Finished: class= net.kencochrane.a4j.beans.SellerFeedback, project= 2_a4j, execution_idx= 11, modelFlag=1, TestFlag=0
Model seeding is on - seed_clone=1.0
11,6_jnfe,br.com.jnfe.base.NFe,1.0 Not Found. Rerunning ...
Running test generation for br.com.jnfe.base.NFe in 6_jnfe
ReRun: class= org.templateit.Poi2ItextUtil, project= 5_templateit, execution_idx= 11, modelFlag=1, TestFlag=0
Model seeding is on - seed_clone=1.0
Model seeding is on - seed_clone=1.0
11,6_jnfe,br.com.jnfe.base.Orig,1.0 Not Found. Rerunning ...
Running test generation for br.com.jnfe.base.Orig in 6_jnfe
Model seeding is on - seed_clone=1.0
Problem: class= org.templateit.TemplateWorkbook, project= 5_templateit, execution_idx= 11, modelFlag=1, TestFlag=0
logs/model_seeding/5_templateit-org.templateit.TemplateWorkbook-1.0-11-out.txt
entry: bins/5_templateit/templateit-tests.jar
entry: bins/5_templateit/templateit.jar
** CP: bins/5_templateit/templateit-tests.jar:bins/5_templateit/templateit.jar
* EvoSuite 1.1.1-SNAPSHOT
* Going to generate test cases for class: org.templateit.TemplateWorkbook
* Starting Client-0
* Connecting to master process on port 17599
* Analyzing classpath: 
  - bins/5_templateit/templateit-tests.jar
  - bins/5_templateit/templateit.jar
* Finished analyzing classpath
* Generating tests for class org.templateit.TemplateWorkbook
* Test criteria:
  - Line Coverage
  - Branch Coverage
  - Exception
  - Mutation testing (weak)
  - Method-Output Coverage
  - Top-Level Method Coverage
  - No-Exception Top-Level Method Coverage
  - Context Branch Coverage
* Computation finished
ReRun: class= br.com.jnfe.base.CST_IPI, project= 6_jnfe, execution_idx= 11, modelFlag=1, TestFlag=0
Model seeding is on - seed_clone=1.0
Problem: class= br.com.jnfe.base.COFINS, project= 6_jnfe, execution_idx= 11, modelFlag=1, TestFlag=0
logs/model_seeding/6_jnfe-br.com.jnfe.base.COFINS-1.0-11-out.txt
entry: bins/6_jnfe/jnfe-tests.jar
entry: bins/6_jnfe/jnfe.jar
** CP: bins/6_jnfe/jnfe-tests.jar:bins/6_jnfe/jnfe.jar
* EvoSuite 1.1.1-SNAPSHOT
* Going to generate test cases for class: br.com.jnfe.base.COFINS
* Starting Client-0
* Connecting to master process on port 16248
* Analyzing classpath: 
  - bins/6_jnfe/jnfe-tests.jar
  - bins/6_jnfe/jnfe.jar
* Finished analyzing classpath
* Generating tests for class br.com.jnfe.base.COFINS
* Test criteria:
  - Line Coverage
  - Branch Coverage
  - Exception
  - Mutation testing (weak)
  - Method-Output Coverage
  - Top-Level Method Coverage
  - No-Exception Top-Level Method Coverage
  - Context Branch Coverage
* Total number of test goals for DYNAMOSA: 0
* Using seed 1573167411163
* Starting evolution
* Initialsss Number of Goals in DynMOSA = 0 / 0
* Computation finished
Finished: class= net.kencochrane.a4j.util.LoadProperties, project= 2_a4j, execution_idx= 11, modelFlag=1, TestFlag=0
Problem: class= br.com.jnfe.base.IndPag, project= 6_jnfe, execution_idx= 11, modelFlag=1, TestFlag=0
logs/model_seeding/6_jnfe-br.com.jnfe.base.IndPag-1.0-11-out.txt
entry: bins/6_jnfe/jnfe-tests.jar
entry: bins/6_jnfe/jnfe.jar
** CP: bins/6_jnfe/jnfe-tests.jar:bins/6_jnfe/jnfe.jar
* EvoSuite 1.1.1-SNAPSHOT
* Going to generate test cases for class: br.com.jnfe.base.IndPag
* Starting Client-0
* Connecting to master process on port 19578
* Analyzing classpath: 
Problem: class= br.com.jnfe.base.DefaultNamespacePrefixMapper, project= 6_jnfe, execution_idx= 11, modelFlag=1, TestFlag=0
logs/model_seeding/6_jnfe-br.com.jnfe.base.DefaultNamespacePrefixMapper-1.0-11-out.txt
entry: bins/6_jnfe/jnfe-tests.jar
entry: bins/6_jnfe/jnfe.jar
** CP: bins/6_jnfe/jnfe-tests.jar:bins/6_jnfe/jnfe.jar
* EvoSuite 1.1.1-SNAPSHOT
* Going to generate test cases for class: br.com.jnfe.base.DefaultNamespacePrefixMapper
* Starting Client-0
* Connecting to master process on port 12158
* Analyzing classpath: 
* Error while initializing target class: com/sun/xml/bind/marshaller/NamespacePrefixMapper
* Computation finished
ReRun: class= br.com.jnfe.base.ModFrete, project= 6_jnfe, execution_idx= 11, modelFlag=1, TestFlag=0
Model seeding is on - seed_clone=1.0
Finished: class= org.templateit.MergeRegion, project= 5_templateit, execution_idx= 11, modelFlag=1, TestFlag=0
ReRun: class= br.com.jnfe.base.MotDesICMS, project= 6_jnfe, execution_idx= 11, modelFlag=1, TestFlag=0
Model seeding is on - seed_clone=1.0
11,6_jnfe,br.com.jnfe.base.PIS,1.0 Not Found. Rerunning ...
Running test generation for br.com.jnfe.base.PIS in 6_jnfe
Model seeding is on - seed_clone=1.0
ReRun: class= org.templateit.Poi2ItextUtil, project= 5_templateit, execution_idx= 11, modelFlag=1, TestFlag=0
11,6_jnfe,br.com.jnfe.base.ProcEmi,1.0 Not Found. Rerunning ...
Running test generation for br.com.jnfe.base.ProcEmi in 6_jnfe
ReRun: class= br.com.jnfe.base.Orig, project= 6_jnfe, execution_idx= 11, modelFlag=1, TestFlag=0
Model seeding is on - seed_clone=1.0
Model seeding is on - seed_clone=1.0
Model seeding is on - seed_clone=1.0
Finished: class= net.kencochrane.a4j.beans.ThirdPartyProductDetails, project= 2_a4j, execution_idx= 11, modelFlag=1, TestFlag=0
11,6_jnfe,br.com.jnfe.base.RegimeEspecialTributario,1.0 Not Found. Rerunning ...
Running test generation for br.com.jnfe.base.RegimeEspecialTributario in 6_jnfe
Model seeding is on - seed_clone=1.0
Finished: class= com.ib.client.EWrapperMsgGenerator, project= 1_tullibee, execution_idx= 11, modelFlag=1, TestFlag=0
Problem: class= org.templateit.util.FormulaUtil, project= 5_templateit, execution_idx= 11, modelFlag=1, TestFlag=0
logs/model_seeding/5_templateit-org.templateit.util.FormulaUtil-1.0-11-out.txt
11,6_jnfe,br.com.jnfe.base.SitNFe,1.0 Not Found. Rerunning ...
Running test generation for br.com.jnfe.base.SitNFe in 6_jnfe
entry: bins/5_templateit/templateit-tests.jar
entry: bins/5_templateit/templateit.jar
** CP: bins/5_templateit/templateit-tests.jar:bins/5_templateit/templateit.jar
* EvoSuite 1.1.1-SNAPSHOT
* Going to generate test cases for class: org.templateit.util.FormulaUtil
* Starting Client-0
* Connecting to master process on port 2129
* Analyzing classpath: 
  - bins/5_templateit/templateit-tests.jar
  - bins/5_templateit/templateit.jar
* Finished analyzing classpath
* Generating tests for class org.templateit.util.FormulaUtil
* Test criteria:
  - Line Coverage
  - Branch Coverage
  - Exception
  - Mutation testing (weak)
  - Method-Output Coverage
  - Top-Level Method Coverage
  - No-Exception Top-Level Method Coverage
  - Context Branch Coverage
* Computation finished
Model seeding is on - seed_clone=1.0
11,6_jnfe,br.com.jnfe.base.TpAmb,1.0 Not Found. Rerunning ...
Running test generation for br.com.jnfe.base.TpAmb in 6_jnfe
Model seeding is on - seed_clone=1.0
11,6_jnfe,br.com.jnfe.base.TpDet,1.0 Not Found. Rerunning ...
Running test generation for br.com.jnfe.base.TpDet in 6_jnfe
Model seeding is on - seed_clone=1.0
Problem: class= br.com.jnfe.base.ICMS, project= 6_jnfe, execution_idx= 11, modelFlag=1, TestFlag=0
logs/model_seeding/6_jnfe-br.com.jnfe.base.ICMS-1.0-11-out.txt
entry: bins/6_jnfe/jnfe-tests.jar
entry: bins/6_jnfe/jnfe.jar
** CP: bins/6_jnfe/jnfe-tests.jar:bins/6_jnfe/jnfe.jar
* EvoSuite 1.1.1-SNAPSHOT
* Going to generate test cases for class: br.com.jnfe.base.ICMS
* Starting Client-0
* Connecting to master process on port 9181
* Analyzing classpath: 
  - bins/6_jnfe/jnfe-tests.jar
  - bins/6_jnfe/jnfe.jar
* Finished analyzing classpath
* Generating tests for class br.com.jnfe.base.ICMS
* Test criteria:
  - Line Coverage
  - Branch Coverage
  - Exception
  - Mutation testing (weak)
  - Method-Output Coverage
  - Top-Level Method Coverage
  - No-Exception Top-Level Method Coverage
  - Context Branch Coverage
* Total number of test goals for DYNAMOSA: 0
* Using seed 1573167421210
* Starting evolution
* Initialsss Number of Goals in DynMOSA = 0 / 0
* Computation finished
11,6_jnfe,br.com.jnfe.base.TpEmis,1.0 Not Found. Rerunning ...
Running test generation for br.com.jnfe.base.TpEmis in 6_jnfe
Model seeding is on - seed_clone=1.0
Problem: class= br.com.jnfe.base.Endereco, project= 6_jnfe, execution_idx= 11, modelFlag=1, TestFlag=0
logs/model_seeding/6_jnfe-br.com.jnfe.base.Endereco-1.0-11-out.txt
entry: bins/6_jnfe/jnfe-tests.jar
entry: bins/6_jnfe/jnfe.jar
** CP: bins/6_jnfe/jnfe-tests.jar:bins/6_jnfe/jnfe.jar
* EvoSuite 1.1.1-SNAPSHOT
* Going to generate test cases for class: br.com.jnfe.base.Endereco
* Starting Client-0
* Connecting to master process on port 7716
* Analyzing classpath: 
  - bins/6_jnfe/jnfe-tests.jar
  - bins/6_jnfe/jnfe.jar
* Finished analyzing classpath
* Generating tests for class br.com.jnfe.base.Endereco
* Test criteria:
  - Line Coverage
  - Branch Coverage
  - Exception
  - Mutation testing (weak)
  - Method-Output Coverage
  - Top-Level Method Coverage
  - No-Exception Top-Level Method Coverage
  - Context Branch Coverage
* Total number of test goals for DYNAMOSA: 0
* Using seed 1573167422375
* Starting evolution
* Initialsss Number of Goals in DynMOSA = 0 / 0
* Computation finished
Finished: class= net.kencochrane.a4j.DAO.Search, project= 2_a4j, execution_idx= 11, modelFlag=1, TestFlag=0
Problem: class= br.com.jnfe.base.ICMSExt, project= 6_jnfe, execution_idx= 11, modelFlag=1, TestFlag=0
logs/model_seeding/6_jnfe-br.com.jnfe.base.ICMSExt-1.0-11-out.txt
entry: bins/6_jnfe/jnfe-tests.jar
entry: bins/6_jnfe/jnfe.jar
** CP: bins/6_jnfe/jnfe-tests.jar:bins/6_jnfe/jnfe.jar
* EvoSuite 1.1.1-SNAPSHOT
* Going to generate test cases for class: br.com.jnfe.base.ICMSExt
* Starting Client-0
* Connecting to master process on port 12581
* Analyzing classpath: 
  - bins/6_jnfe/jnfe-tests.jar
  - bins/6_jnfe/jnfe.jar
* Finished analyzing classpath
* Generating tests for class br.com.jnfe.base.ICMSExt
* Test criteria:
  - Line Coverage
  - Branch Coverage
  - Exception
  - Mutation testing (weak)
  - Method-Output Coverage
  - Top-Level Method Coverage
  - No-Exception Top-Level Method Coverage
  - Context Branch Coverage
* Total number of test goals for DYNAMOSA: 0
* Using seed 1573167423029
* Starting evolution
* Initialsss Number of Goals in DynMOSA = 0 / 0
* Computation finished
Finished: class= com.ib.client.Util, project= 1_tullibee, execution_idx= 11, modelFlag=1, TestFlag=0
11,6_jnfe,br.com.jnfe.base.TpImp,1.0 Not Found. Rerunning ...
Running test generation for br.com.jnfe.base.TpImp in 6_jnfe
Model seeding is on - seed_clone=1.0
11,6_jnfe,br.com.jnfe.base.TpNF,1.0 Not Found. Rerunning ...
Running test generation for br.com.jnfe.base.TpNF in 6_jnfe
Model seeding is on - seed_clone=1.0
Problem: class= br.com.jnfe.base.IPI, project= 6_jnfe, execution_idx= 11, modelFlag=1, TestFlag=0
logs/model_seeding/6_jnfe-br.com.jnfe.base.IPI-1.0-11-out.txt
entry: bins/6_jnfe/jnfe-tests.jar
entry: bins/6_jnfe/jnfe.jar
** CP: bins/6_jnfe/jnfe-tests.jar:bins/6_jnfe/jnfe.jar
* EvoSuite 1.1.1-SNAPSHOT
* Going to generate test cases for class: br.com.jnfe.base.IPI
* Starting Client-0
* Connecting to master process on port 20028
* Analyzing classpath: 
  - bins/6_jnfe/jnfe-tests.jar
  - bins/6_jnfe/jnfe.jar
* Finished analyzing classpath
* Generating tests for class br.com.jnfe.base.IPI
* Test criteria:
  - Line Coverage
  - Branch Coverage
  - Exception
  - Mutation testing (weak)
  - Method-Output Coverage
  - Top-Level Method Coverage
  - No-Exception Top-Level Method Coverage
  - Context Branch Coverage
* Total number of test goals for DYNAMOSA: 0
* Using seed 1573167423571
* Starting evolution
* Initialsss Number of Goals in DynMOSA = 0 / 0
* Computation finished
11,6_jnfe,br.com.jnfe.base.TpObsNFe,1.0 Not Found. Rerunning ...
Running test generation for br.com.jnfe.base.TpObsNFe in 6_jnfe
Problem: class= br.com.jnfe.base.ICMSST, project= 6_jnfe, execution_idx= 11, modelFlag=1, TestFlag=0
logs/model_seeding/6_jnfe-br.com.jnfe.base.ICMSST-1.0-11-out.txt
entry: bins/6_jnfe/jnfe-tests.jar
entry: bins/6_jnfe/jnfe.jar
** CP: bins/6_jnfe/jnfe-tests.jar:bins/6_jnfe/jnfe.jar
* EvoSuite 1.1.1-SNAPSHOT
* Going to generate test cases for class: br.com.jnfe.base.ICMSST
* Starting Client-0
* Connecting to master process on port 12952
* Analyzing classpath: 
  - bins/6_jnfe/jnfe-tests.jar
  - bins/6_jnfe/jnfe.jar
* Finished analyzing classpath
* Generating tests for class br.com.jnfe.base.ICMSST
* Test criteria:
  - Line Coverage
  - Branch Coverage
  - Exception
  - Mutation testing (weak)
  - Method-Output Coverage
  - Top-Level Method Coverage
  - No-Exception Top-Level Method Coverage
  - Context Branch Coverage
* Total number of test goals for DYNAMOSA: 0
* Using seed 1573167423534
* Starting evolution
* Initialsss Number of Goals in DynMOSA = 0 / 0
* Computation finished
Model seeding is on - seed_clone=1.0
Finished: class= net.kencochrane.a4j.beans.FeedBack, project= 2_a4j, execution_idx= 11, modelFlag=1, TestFlag=0
11,6_jnfe,br.com.jnfe.base.TProvince,1.0 Not Found. Rerunning ...
Running test generation for br.com.jnfe.base.TProvince in 6_jnfe
Model seeding is on - seed_clone=1.0
Problem: class= br.com.jnfe.base.NFe, project= 6_jnfe, execution_idx= 11, modelFlag=1, TestFlag=0
logs/model_seeding/6_jnfe-br.com.jnfe.base.NFe-1.0-11-out.txt
entry: bins/6_jnfe/jnfe-tests.jar
entry: bins/6_jnfe/jnfe.jar
** CP: bins/6_jnfe/jnfe-tests.jar:bins/6_jnfe/jnfe.jar
* EvoSuite 1.1.1-SNAPSHOT
* Going to generate test cases for class: br.com.jnfe.base.NFe
* Starting Client-0
* Connecting to master process on port 15602
* Analyzing classpath: 
  - bins/6_jnfe/jnfe-tests.jar
  - bins/6_jnfe/jnfe.jar
* Finished analyzing classpath
* Generating tests for class br.com.jnfe.base.NFe
* Test criteria:
  - Line Coverage
  - Branch Coverage
  - Exception
  - Mutation testing (weak)
  - Method-Output Coverage
  - Top-Level Method Coverage
  - No-Exception Top-Level Method Coverage
  - Context Branch Coverage
* Total number of test goals for DYNAMOSA: 0
* Using seed 1573167426274
* Starting evolution
* Initialsss Number of Goals in DynMOSA = 0 / 0
* Computation finished
11,6_jnfe,br.com.jnfe.base.TpSerie,1.0 Not Found. Rerunning ...
Running test generation for br.com.jnfe.base.TpSerie in 6_jnfe
Model seeding is on - seed_clone=1.0
11,6_jnfe,br.com.jnfe.base.TpServico,1.0 Not Found. Rerunning ...
Running test generation for br.com.jnfe.base.TpServico in 6_jnfe
Model seeding is on - seed_clone=1.0
ReRun: class= br.com.jnfe.base.ModFrete, project= 6_jnfe, execution_idx= 11, modelFlag=1, TestFlag=0
Finished: class= net.kencochrane.a4j.util.a4jUtil, project= 2_a4j, execution_idx= 11, modelFlag=1, TestFlag=0
Model seeding is on - seed_clone=1.0
11,6_jnfe,br.com.jnfe.base.TpVeiculo,1.0 Not Found. Rerunning ...
Running test generation for br.com.jnfe.base.TpVeiculo in 6_jnfe
Model seeding is on - seed_clone=1.0
Problem: class= br.com.jnfe.base.RegimeEspecialTributario, project= 6_jnfe, execution_idx= 11, modelFlag=1, TestFlag=0
logs/model_seeding/6_jnfe-br.com.jnfe.base.RegimeEspecialTributario-1.0-11-out.txt
entry: bins/6_jnfe/jnfe-tests.jar
entry: bins/6_jnfe/jnfe.jar
** CP: bins/6_jnfe/jnfe-tests.jar:bins/6_jnfe/jnfe.jar
* EvoSuite 1.1.1-SNAPSHOT
* Going to generate test cases for class: br.com.jnfe.base.RegimeEspecialTributario
* Starting Client-0
* Connecting to master process on port 19117
* Analyzing classpath: 
ReRun: class= br.com.jnfe.base.MotDesICMS, project= 6_jnfe, execution_idx= 11, modelFlag=1, TestFlag=0
11,6_jnfe,br.com.jnfe.base.TransportKeyStoreBean,1.0 Not Found. Rerunning ...
Running test generation for br.com.jnfe.base.TransportKeyStoreBean in 6_jnfe
Model seeding is on - seed_clone=1.0
Model seeding is on - seed_clone=1.0
11,6_jnfe,br.com.jnfe.base.TUFs,1.0 Not Found. Rerunning ...
Running test generation for br.com.jnfe.base.TUFs in 6_jnfe
Model seeding is on - seed_clone=1.0
ReRun: class= org.templateit.Poi2ItextUtil, project= 5_templateit, execution_idx= 11, modelFlag=1, TestFlag=0
Model seeding is on - seed_clone=1.0
11,6_jnfe,br.com.jnfe.base.UF,1.0 Not Found. Rerunning ...
Running test generation for br.com.jnfe.base.UF in 6_jnfe
Model seeding is on - seed_clone=1.0
11,6_jnfe,br.com.jnfe.base.adapter.AbstractNFeAdaptadorBean,1.0 Not Found. Rerunning ...
Running test generation for br.com.jnfe.base.adapter.AbstractNFeAdaptadorBean in 6_jnfe
Model seeding is on - seed_clone=1.0
Finished: class= com.ib.client.EClientSocket, project= 1_tullibee, execution_idx= 11, modelFlag=1, TestFlag=0
ReRun: class= br.com.jnfe.base.TpEmis, project= 6_jnfe, execution_idx= 11, modelFlag=1, TestFlag=0
Model seeding is on - seed_clone=1.0
Finished: class= org.templateit.Parameter, project= 5_templateit, execution_idx= 11, modelFlag=1, TestFlag=0
Finished: class= brain.ga.GAAlgorithm, project= 3_gaj, execution_idx= 11, modelFlag=1, TestFlag=0
Finished: class= net.kencochrane.a4j.beans.ProductLine, project= 2_a4j, execution_idx= 11, modelFlag=1, TestFlag=0
Problem: class= br.com.jnfe.base.PIS, project= 6_jnfe, execution_idx= 11, modelFlag=1, TestFlag=0
logs/model_seeding/6_jnfe-br.com.jnfe.base.PIS-1.0-11-out.txt
entry: bins/6_jnfe/jnfe-tests.jar
entry: bins/6_jnfe/jnfe.jar
** CP: bins/6_jnfe/jnfe-tests.jar:bins/6_jnfe/jnfe.jar
* EvoSuite 1.1.1-SNAPSHOT
* Going to generate test cases for class: br.com.jnfe.base.PIS
* Starting Client-0
* Connecting to master process on port 3679
* Analyzing classpath: 
  - bins/6_jnfe/jnfe-tests.jar
  - bins/6_jnfe/jnfe.jar
* Finished analyzing classpath
* Generating tests for class br.com.jnfe.base.PIS
* Test criteria:
  - Line Coverage
  - Branch Coverage
  - Exception
  - Mutation testing (weak)
  - Method-Output Coverage
  - Top-Level Method Coverage
  - No-Exception Top-Level Method Coverage
  - Context Branch Coverage
* Total number of test goals for DYNAMOSA: 0
* Using seed 1573167437364
* Starting evolution
* Initialsss Number of Goals in DynMOSA = 0 / 0
* Computation finished
Problem: class= br.com.jnfe.base.TransportKeyStoreBean, project= 6_jnfe, execution_idx= 11, modelFlag=1, TestFlag=0
logs/model_seeding/6_jnfe-br.com.jnfe.base.TransportKeyStoreBean-1.0-11-out.txt
11,6_jnfe,br.com.jnfe.base.adapter.AbstractNFeAdapter,1.0 Not Found. Rerunning ...
Running test generation for br.com.jnfe.base.adapter.AbstractNFeAdapter in 6_jnfe
entry: bins/6_jnfe/jnfe-tests.jar
entry: bins/6_jnfe/jnfe.jar
** CP: bins/6_jnfe/jnfe-tests.jar:bins/6_jnfe/jnfe.jar
* EvoSuite 1.1.1-SNAPSHOT
* Going to generate test cases for class: br.com.jnfe.base.TransportKeyStoreBean
* Starting Client-0
* Connecting to master process on port 4065
* Analyzing classpath: 
* Error while initializing target class: org/springframework/beans/factory/InitializingBean
* Computation finished
Model seeding is on - seed_clone=1.0
11,6_jnfe,br.com.jnfe.base.adapter.Adaptador,1.0 Not Found. Rerunning ...
Running test generation for br.com.jnfe.base.adapter.Adaptador in 6_jnfe
Model seeding is on - seed_clone=1.0
Problem: class= br.com.jnfe.base.adapter.AbstractNFeAdaptadorBean, project= 6_jnfe, execution_idx= 11, modelFlag=1, TestFlag=0
logs/model_seeding/6_jnfe-br.com.jnfe.base.adapter.AbstractNFeAdaptadorBean-1.0-11-out.txt
entry: bins/6_jnfe/jnfe-tests.jar
entry: bins/6_jnfe/jnfe.jar
** CP: bins/6_jnfe/jnfe-tests.jar:bins/6_jnfe/jnfe.jar
* EvoSuite 1.1.1-SNAPSHOT
* Going to generate test cases for class: br.com.jnfe.base.adapter.AbstractNFeAdaptadorBean
* Starting Client-0
* Connecting to master process on port 5093
* Analyzing classpath: 
* Error while initializing target class: org/springframework/beans/factory/InitializingBean
* Computation finished
Problem: class= org.templateit.Poi2ItextUtil, project= 5_templateit, execution_idx= 11, modelFlag=1, TestFlag=0
logs/model_seeding/5_templateit-org.templateit.Poi2ItextUtil-1.0-11-out.txt
entry: bins/5_templateit/templateit-tests.jar
entry: bins/5_templateit/templateit.jar
** CP: bins/5_templateit/templateit-tests.jar:bins/5_templateit/templateit.jar
* EvoSuite 1.1.1-SNAPSHOT
* Going to generate test cases for class: org.templateit.Poi2ItextUtil
* Starting Client-0
* Connecting to master process on port 7782
* Analyzing classpath: 
* Error while initializing target class: org/apache/log4j/Logger
* Computation finished
11,6_jnfe,br.com.jnfe.base.adapter.EnviNFeAdaptador,1.0 Not Found. Rerunning ...
Running test generation for br.com.jnfe.base.adapter.EnviNFeAdaptador in 6_jnfe
Model seeding is on - seed_clone=1.0
11,6_jnfe,br.com.jnfe.base.adapter.RequestAdapter,1.0 Not Found. Rerunning ...
Running test generation for br.com.jnfe.base.adapter.RequestAdapter in 6_jnfe
Model seeding is on - seed_clone=1.0
Finished: class= com.ib.client.Order, project= 1_tullibee, execution_idx= 11, modelFlag=1, TestFlag=0
ReRun: class= br.com.jnfe.base.adapter.RequestAdapter, project= 6_jnfe, execution_idx= 11, modelFlag=1, TestFlag=0
Model seeding is on - seed_clone=1.0
Problem: class= br.com.jnfe.base.adapter.Adaptador, project= 6_jnfe, execution_idx= 11, modelFlag=1, TestFlag=0
logs/model_seeding/6_jnfe-br.com.jnfe.base.adapter.Adaptador-1.0-11-out.txt
entry: bins/6_jnfe/jnfe-tests.jar
entry: bins/6_jnfe/jnfe.jar
** CP: bins/6_jnfe/jnfe-tests.jar:bins/6_jnfe/jnfe.jar
* EvoSuite 1.1.1-SNAPSHOT
* Going to generate test cases for class: br.com.jnfe.base.adapter.Adaptador
* Starting Client-0
* Connecting to master process on port 17207
* Analyzing classpath: 
  - bins/6_jnfe/jnfe-tests.jar
  - bins/6_jnfe/jnfe.jar
* Finished analyzing classpath
* Generating tests for class br.com.jnfe.base.adapter.Adaptador
* Test criteria:
  - Line Coverage
  - Branch Coverage
  - Exception
  - Mutation testing (weak)
  - Method-Output Coverage
  - Top-Level Method Coverage
  - No-Exception Top-Level Method Coverage
  - Context Branch Coverage
* Total number of test goals for DYNAMOSA: 0
* Using seed 1573167461980
* Starting evolution
* Initialsss Number of Goals in DynMOSA = 0 / 0
* Computation finished
Problem: class= br.com.jnfe.base.adapter.EnviNFeAdaptador, project= 6_jnfe, execution_idx= 11, modelFlag=1, TestFlag=0
logs/model_seeding/6_jnfe-br.com.jnfe.base.adapter.EnviNFeAdaptador-1.0-11-out.txt
entry: bins/6_jnfe/jnfe-tests.jar
entry: bins/6_jnfe/jnfe.jar
** CP: bins/6_jnfe/jnfe-tests.jar:bins/6_jnfe/jnfe.jar
* EvoSuite 1.1.1-SNAPSHOT
* Going to generate test cases for class: br.com.jnfe.base.adapter.EnviNFeAdaptador
* Starting Client-0
* Connecting to master process on port 4864
* Analyzing classpath: 
  - bins/6_jnfe/jnfe-tests.jar
  - bins/6_jnfe/jnfe.jar
* Finished analyzing classpath
* Generating tests for class br.com.jnfe.base.adapter.EnviNFeAdaptador
* Test criteria:
  - Line Coverage
  - Branch Coverage
  - Exception
  - Mutation testing (weak)
  - Method-Output Coverage
  - Top-Level Method Coverage
  - No-Exception Top-Level Method Coverage
  - Context Branch Coverage
* Total number of test goals for DYNAMOSA: 0
* Using seed 1573167463397
* Starting evolution
* Initialsss Number of Goals in DynMOSA = 0 / 0
* Computation finished
11,6_jnfe,br.com.jnfe.base.adapter.dom.AbstractNFeDOMAdapter,1.0 Not Found. Rerunning ...
Running test generation for br.com.jnfe.base.adapter.dom.AbstractNFeDOMAdapter in 6_jnfe
Model seeding is on - seed_clone=1.0
11,6_jnfe,br.com.jnfe.base.pl005d.RequestAdapterImpl,1.0 Not Found. Rerunning ...
Running test generation for br.com.jnfe.base.pl005d.RequestAdapterImpl in 6_jnfe
Model seeding is on - seed_clone=1.0
Finished: class= brain.ga.GAUtilities, project= 3_gaj, execution_idx= 11, modelFlag=1, TestFlag=0
11,6_jnfe,br.com.jnfe.base.pl006.RequestAdapterImpl,1.0 Not Found. Rerunning ...
Running test generation for br.com.jnfe.base.pl006.RequestAdapterImpl in 6_jnfe
Model seeding is on - seed_clone=1.0
11,6_jnfe,br.com.jnfe.base.service.AbstractSecurityHandlerBean,1.0 Not Found. Rerunning ...
Running test generation for br.com.jnfe.base.service.AbstractSecurityHandlerBean in 6_jnfe
Model seeding is on - seed_clone=1.0
Finished: class= brain.ga.GAEnumAllelesSet, project= 3_gaj, execution_idx= 11, modelFlag=1, TestFlag=0
Problem: class= br.com.jnfe.base.adapter.RequestAdapter, project= 6_jnfe, execution_idx= 11, modelFlag=1, TestFlag=0
logs/model_seeding/6_jnfe-br.com.jnfe.base.adapter.RequestAdapter-1.0-11-out.txt
entry: bins/6_jnfe/jnfe-tests.jar
entry: bins/6_jnfe/jnfe.jar
** CP: bins/6_jnfe/jnfe-tests.jar:bins/6_jnfe/jnfe.jar
* EvoSuite 1.1.1-SNAPSHOT
* Going to generate test cases for class: br.com.jnfe.base.adapter.RequestAdapter
* Starting Client-0
* Connecting to master process on port 12861
* Analyzing classpath: 
  - bins/6_jnfe/jnfe-tests.jar
  - bins/6_jnfe/jnfe.jar
* Finished analyzing classpath
* Generating tests for class br.com.jnfe.base.adapter.RequestAdapter
* Test criteria:
  - Line Coverage
  - Branch Coverage
  - Exception
  - Mutation testing (weak)
  - Method-Output Coverage
  - Top-Level Method Coverage
  - No-Exception Top-Level Method Coverage
  - Context Branch Coverage
* Total number of test goals for DYNAMOSA: 0
* Using seed 1573167473226
* Starting evolution
* Initialsss Number of Goals in DynMOSA = 0 / 0
* Computation finished
11,6_jnfe,br.com.jnfe.base.service.DOMNFeFileReader,1.0 Not Found. Rerunning ...
Running test generation for br.com.jnfe.base.service.DOMNFeFileReader in 6_jnfe
Model seeding is on - seed_clone=1.0
Problem: class= br.com.jnfe.base.pl005d.RequestAdapterImpl, project= 6_jnfe, execution_idx= 11, modelFlag=1, TestFlag=0
logs/model_seeding/6_jnfe-br.com.jnfe.base.pl005d.RequestAdapterImpl-1.0-11-out.txt
11,6_jnfe,br.com.jnfe.base.service.DOMNFeKeyInfoBuilder,1.0 Not Found. Rerunning ...
Running test generation for br.com.jnfe.base.service.DOMNFeKeyInfoBuilder in 6_jnfe
entry: bins/6_jnfe/jnfe-tests.jar
entry: bins/6_jnfe/jnfe.jar
** CP: bins/6_jnfe/jnfe-tests.jar:bins/6_jnfe/jnfe.jar
* EvoSuite 1.1.1-SNAPSHOT
* Going to generate test cases for class: br.com.jnfe.base.pl005d.RequestAdapterImpl
* Starting Client-0
* Connecting to master process on port 14009
* Analyzing classpath: 
* Error while initializing target class: Class not found: org/springframework/xml/transform/StringResult: java.lang.NullPointerException: Class not found org/springframework/xml/transform/StringResult
* Computation finished
Model seeding is on - seed_clone=1.0
11,6_jnfe,br.com.jnfe.base.service.DOMNFeSigantureFactoryBean,1.0 Not Found. Rerunning ...
Running test generation for br.com.jnfe.base.service.DOMNFeSigantureFactoryBean in 6_jnfe
Model seeding is on - seed_clone=1.0
Problem: class= br.com.jnfe.base.service.AbstractSecurityHandlerBean, project= 6_jnfe, execution_idx= 11, modelFlag=1, TestFlag=0
logs/model_seeding/6_jnfe-br.com.jnfe.base.service.AbstractSecurityHandlerBean-1.0-11-out.txt
entry: bins/6_jnfe/jnfe-tests.jar
entry: bins/6_jnfe/jnfe.jar
** CP: bins/6_jnfe/jnfe-tests.jar:bins/6_jnfe/jnfe.jar
* EvoSuite 1.1.1-SNAPSHOT
* Going to generate test cases for class: br.com.jnfe.base.service.AbstractSecurityHandlerBean
* Starting Client-0
* Connecting to master process on port 6663
* Analyzing classpath: 
* Error while initializing target class: org/springframework/beans/factory/InitializingBean
* Computation finished
11,6_jnfe,br.com.jnfe.base.service.DOMNFeSignatureBuilder,1.0 Not Found. Rerunning ...
Running test generation for br.com.jnfe.base.service.DOMNFeSignatureBuilder in 6_jnfe
Model seeding is on - seed_clone=1.0
Finished: class= brain.ga.Genome, project= 3_gaj, execution_idx= 11, modelFlag=1, TestFlag=0
Problem: class= br.com.jnfe.base.pl006.RequestAdapterImpl, project= 6_jnfe, execution_idx= 11, modelFlag=1, TestFlag=0
logs/model_seeding/6_jnfe-br.com.jnfe.base.pl006.RequestAdapterImpl-1.0-11-out.txt
entry: bins/6_jnfe/jnfe-tests.jar
entry: bins/6_jnfe/jnfe.jar
** CP: bins/6_jnfe/jnfe-tests.jar:bins/6_jnfe/jnfe.jar
* EvoSuite 1.1.1-SNAPSHOT
* Going to generate test cases for class: br.com.jnfe.base.pl006.RequestAdapterImpl
* Starting Client-0
* Connecting to master process on port 14931
* Analyzing classpath: 
* Error while initializing target class: Class not found: org/springframework/xml/transform/StringResult: java.lang.NullPointerException: Class not found org/springframework/xml/transform/StringResult
* Computation finished
Finished: class= com.ib.client.EReader, project= 1_tullibee, execution_idx= 11, modelFlag=1, TestFlag=0
11,6_jnfe,br.com.jnfe.base.service.DOMNFeSignatureHandler,1.0 Not Found. Rerunning ...
Running test generation for br.com.jnfe.base.service.DOMNFeSignatureHandler in 6_jnfe
Model seeding is on - seed_clone=1.0
11,6_jnfe,br.com.jnfe.base.service.KeyInfoBuilder,1.0 Not Found. Rerunning ...
Running test generation for br.com.jnfe.base.service.KeyInfoBuilder in 6_jnfe
Model seeding is on - seed_clone=1.0
11,6_jnfe,br.com.jnfe.base.service.LoggingFaultMessageResolver,1.0 Not Found. Rerunning ...
Running test generation for br.com.jnfe.base.service.LoggingFaultMessageResolver in 6_jnfe
Model seeding is on - seed_clone=1.0
11,6_jnfe,br.com.jnfe.base.service.NFeCalculator,1.0 Not Found. Rerunning ...
Running test generation for br.com.jnfe.base.service.NFeCalculator in 6_jnfe
Model seeding is on - seed_clone=1.0
Problem: class= br.com.jnfe.base.service.DOMNFeFileReader, project= 6_jnfe, execution_idx= 11, modelFlag=1, TestFlag=0
logs/model_seeding/6_jnfe-br.com.jnfe.base.service.DOMNFeFileReader-1.0-11-out.txt
entry: bins/6_jnfe/jnfe-tests.jar
entry: bins/6_jnfe/jnfe.jar
** CP: bins/6_jnfe/jnfe-tests.jar:bins/6_jnfe/jnfe.jar
* EvoSuite 1.1.1-SNAPSHOT
* Going to generate test cases for class: br.com.jnfe.base.service.DOMNFeFileReader
* Starting Client-0
* Connecting to master process on port 15121
* Analyzing classpath: 
* Error while initializing target class: org/springframework/core/io/InputStreamSource
* Computation finished
Problem: class= br.com.jnfe.base.service.DOMNFeSigantureFactoryBean, project= 6_jnfe, execution_idx= 11, modelFlag=1, TestFlag=0
logs/model_seeding/6_jnfe-br.com.jnfe.base.service.DOMNFeSigantureFactoryBean-1.0-11-out.txt
entry: bins/6_jnfe/jnfe-tests.jar
entry: bins/6_jnfe/jnfe.jar
** CP: bins/6_jnfe/jnfe-tests.jar:bins/6_jnfe/jnfe.jar
* EvoSuite 1.1.1-SNAPSHOT
* Going to generate test cases for class: br.com.jnfe.base.service.DOMNFeSigantureFactoryBean
* Starting Client-0
* Connecting to master process on port 13380
* Analyzing classpath: 
* Error while initializing target class: org/springframework/beans/factory/InitializingBean
* Computation finished
Problem: class= br.com.jnfe.base.service.DOMNFeSignatureBuilder, project= 6_jnfe, execution_idx= 11, modelFlag=1, TestFlag=0
logs/model_seeding/6_jnfe-br.com.jnfe.base.service.DOMNFeSignatureBuilder-1.0-11-out.txt
Finished: class= brain.ga.Population, project= 3_gaj, execution_idx= 11, modelFlag=1, TestFlag=0
entry: bins/6_jnfe/jnfe-tests.jar
entry: bins/6_jnfe/jnfe.jar
** CP: bins/6_jnfe/jnfe-tests.jar:bins/6_jnfe/jnfe.jar
* EvoSuite 1.1.1-SNAPSHOT
* Going to generate test cases for class: br.com.jnfe.base.service.DOMNFeSignatureBuilder
* Starting Client-0
* Connecting to master process on port 2349
* Analyzing classpath: 
* Error while initializing target class: org/springframework/beans/factory/InitializingBean
* Computation finished
11,6_jnfe,br.com.jnfe.base.service.NFeCalculatorImpl,1.0 Not Found. Rerunning ...
Running test generation for br.com.jnfe.base.service.NFeCalculatorImpl in 6_jnfe
Model seeding is on - seed_clone=1.0
11,6_jnfe,br.com.jnfe.base.service.Pkcs12SecurityHandlerBean,1.0 Not Found. Rerunning ...
Running test generation for br.com.jnfe.base.service.Pkcs12SecurityHandlerBean in 6_jnfe
Model seeding is on - seed_clone=1.0
11,6_jnfe,br.com.jnfe.base.service.SecurityCallBack,1.0 Not Found. Rerunning ...
Running test generation for br.com.jnfe.base.service.SecurityCallBack in 6_jnfe
Model seeding is on - seed_clone=1.0
11,6_jnfe,br.com.jnfe.base.service.SecurityHandler,1.0 Not Found. Rerunning ...
Running test generation for br.com.jnfe.base.service.SecurityHandler in 6_jnfe
Finished: class= net.kencochrane.a4j.file.FileUtil, project= 2_a4j, execution_idx= 11, modelFlag=1, TestFlag=0
Model seeding is on - seed_clone=1.0
Problem: class= br.com.jnfe.base.service.LoggingFaultMessageResolver, project= 6_jnfe, execution_idx= 11, modelFlag=1, TestFlag=0
logs/model_seeding/6_jnfe-br.com.jnfe.base.service.LoggingFaultMessageResolver-1.0-11-out.txt
entry: bins/6_jnfe/jnfe-tests.jar
entry: bins/6_jnfe/jnfe.jar
** CP: bins/6_jnfe/jnfe-tests.jar:bins/6_jnfe/jnfe.jar
* EvoSuite 1.1.1-SNAPSHOT
* Going to generate test cases for class: br.com.jnfe.base.service.LoggingFaultMessageResolver
* Starting Client-0
* Connecting to master process on port 4099
* Analyzing classpath: 
* Error while initializing target class: Class not found: org/springframework/ws/soap/SoapBody: java.lang.NullPointerException: Class not found org/springframework/ws/soap/SoapBody
* Computation finished
11,6_jnfe,br.com.jnfe.base.service.SignatureBuilder,1.0 Not Found. Rerunning ...
Running test generation for br.com.jnfe.base.service.SignatureBuilder in 6_jnfe
Model seeding is on - seed_clone=1.0
11,6_jnfe,br.com.jnfe.base.service.SignatureHandler,1.0 Not Found. Rerunning ...
Running test generation for br.com.jnfe.base.service.SignatureHandler in 6_jnfe
Model seeding is on - seed_clone=1.0
Problem: class= br.com.jnfe.base.service.KeyInfoBuilder, project= 6_jnfe, execution_idx= 11, modelFlag=1, TestFlag=0
logs/model_seeding/6_jnfe-br.com.jnfe.base.service.KeyInfoBuilder-1.0-11-out.txt
entry: bins/6_jnfe/jnfe-tests.jar
entry: bins/6_jnfe/jnfe.jar
** CP: bins/6_jnfe/jnfe-tests.jar:bins/6_jnfe/jnfe.jar
* EvoSuite 1.1.1-SNAPSHOT
* Going to generate test cases for class: br.com.jnfe.base.service.KeyInfoBuilder
* Starting Client-0
* Connecting to master process on port 7853
* Analyzing classpath: 
  - bins/6_jnfe/jnfe-tests.jar
  - bins/6_jnfe/jnfe.jar
* Finished analyzing classpath
* Generating tests for class br.com.jnfe.base.service.KeyInfoBuilder
* Test criteria:
  - Line Coverage
  - Branch Coverage
  - Exception
  - Mutation testing (weak)
  - Method-Output Coverage
  - Top-Level Method Coverage
  - No-Exception Top-Level Method Coverage
  - Context Branch Coverage
* Total number of test goals for DYNAMOSA: 0
* Using seed 1573167496175
* Starting evolution
* Initialsss Number of Goals in DynMOSA = 0 / 0
* Computation finished
Problem: class= br.com.jnfe.base.service.NFeCalculator, project= 6_jnfe, execution_idx= 11, modelFlag=1, TestFlag=0
logs/model_seeding/6_jnfe-br.com.jnfe.base.service.NFeCalculator-1.0-11-out.txt
entry: bins/6_jnfe/jnfe-tests.jar
entry: bins/6_jnfe/jnfe.jar
** CP: bins/6_jnfe/jnfe-tests.jar:bins/6_jnfe/jnfe.jar
* EvoSuite 1.1.1-SNAPSHOT
* Going to generate test cases for class: br.com.jnfe.base.service.NFeCalculator
* Starting Client-0
* Connecting to master process on port 8589
* Analyzing classpath: 
  - bins/6_jnfe/jnfe-tests.jar
  - bins/6_jnfe/jnfe.jar
* Finished analyzing classpath
* Generating tests for class br.com.jnfe.base.service.NFeCalculator
* Test criteria:
  - Line Coverage
  - Branch Coverage
  - Exception
  - Mutation testing (weak)
  - Method-Output Coverage
  - Top-Level Method Coverage
  - No-Exception Top-Level Method Coverage
  - Context Branch Coverage
* Total number of test goals for DYNAMOSA: 0
* Using seed 1573167497102
* Starting evolution
* Initialsss Number of Goals in DynMOSA = 0 / 0
* Computation finished
ReRun: class= br.com.jnfe.base.service.Pkcs12SecurityHandlerBean, project= 6_jnfe, execution_idx= 11, modelFlag=1, TestFlag=0
Model seeding is on - seed_clone=1.0
ReRun: class= br.com.jnfe.base.service.SecurityCallBack, project= 6_jnfe, execution_idx= 11, modelFlag=1, TestFlag=0
Model seeding is on - seed_clone=1.0
11,6_jnfe,br.com.jnfe.base.service.SimpleSecurityHandlerBean,1.0 Not Found. Rerunning ...
Running test generation for br.com.jnfe.base.service.SimpleSecurityHandlerBean in 6_jnfe
Model seeding is on - seed_clone=1.0
ReRun: class= br.com.jnfe.base.service.SignatureBuilder, project= 6_jnfe, execution_idx= 11, modelFlag=1, TestFlag=0
Model seeding is on - seed_clone=1.0
11,6_jnfe,br.com.jnfe.base.util.SecurityUtils,1.0 Not Found. Rerunning ...
Running test generation for br.com.jnfe.base.util.SecurityUtils in 6_jnfe
Model seeding is on - seed_clone=1.0
Problem: class= br.com.jnfe.base.service.SecurityHandler, project= 6_jnfe, execution_idx= 11, modelFlag=1, TestFlag=0
logs/model_seeding/6_jnfe-br.com.jnfe.base.service.SecurityHandler-1.0-11-out.txt
entry: bins/6_jnfe/jnfe-tests.jar
entry: bins/6_jnfe/jnfe.jar
** CP: bins/6_jnfe/jnfe-tests.jar:bins/6_jnfe/jnfe.jar
* EvoSuite 1.1.1-SNAPSHOT
* Going to generate test cases for class: br.com.jnfe.base.service.SecurityHandler
* Starting Client-0
* Connecting to master process on port 2205
* Analyzing classpath: 
  - bins/6_jnfe/jnfe-tests.jar
  - bins/6_jnfe/jnfe.jar
* Finished analyzing classpath
* Generating tests for class br.com.jnfe.base.service.SecurityHandler
* Test criteria:
  - Line Coverage
  - Branch Coverage
  - Exception
  - Mutation testing (weak)
  - Method-Output Coverage
  - Top-Level Method Coverage
  - No-Exception Top-Level Method Coverage
  - Context Branch Coverage
* Total number of test goals for DYNAMOSA: 0
* Using seed 1573167503895
* Starting evolution
* Initialsss Number of Goals in DynMOSA = 0 / 0
* Computation finished
Problem: class= br.com.jnfe.base.service.SignatureHandler, project= 6_jnfe, execution_idx= 11, modelFlag=1, TestFlag=0
logs/model_seeding/6_jnfe-br.com.jnfe.base.service.SignatureHandler-1.0-11-out.txt
entry: bins/6_jnfe/jnfe-tests.jar
entry: bins/6_jnfe/jnfe.jar
** CP: bins/6_jnfe/jnfe-tests.jar:bins/6_jnfe/jnfe.jar
* EvoSuite 1.1.1-SNAPSHOT
* Going to generate test cases for class: br.com.jnfe.base.service.SignatureHandler
* Starting Client-0
* Connecting to master process on port 8383
* Analyzing classpath: 
  - bins/6_jnfe/jnfe-tests.jar
  - bins/6_jnfe/jnfe.jar
* Finished analyzing classpath
* Generating tests for class br.com.jnfe.base.service.SignatureHandler
* Test criteria:
  - Line Coverage
  - Branch Coverage
  - Exception
  - Mutation testing (weak)
  - Method-Output Coverage
  - Top-Level Method Coverage
  - No-Exception Top-Level Method Coverage
  - Context Branch Coverage
* Total number of test goals for DYNAMOSA: 0
* Using seed 1573167503730
* Starting evolution
* Initialsss Number of Goals in DynMOSA = 0 / 0
* Computation finished
Problem: class= br.com.jnfe.base.service.SecurityCallBack, project= 6_jnfe, execution_idx= 11, modelFlag=1, TestFlag=0
logs/model_seeding/6_jnfe-br.com.jnfe.base.service.SecurityCallBack-1.0-11-out.txt
entry: bins/6_jnfe/jnfe-tests.jar
entry: bins/6_jnfe/jnfe.jar
** CP: bins/6_jnfe/jnfe-tests.jar:bins/6_jnfe/jnfe.jar
* EvoSuite 1.1.1-SNAPSHOT
* Going to generate test cases for class: br.com.jnfe.base.service.SecurityCallBack
* Starting Client-0
* Connecting to master process on port 9661
* Analyzing classpath: 
Problem: class= br.com.jnfe.base.service.Pkcs12SecurityHandlerBean, project= 6_jnfe, execution_idx= 11, modelFlag=1, TestFlag=0
logs/model_seeding/6_jnfe-br.com.jnfe.base.service.Pkcs12SecurityHandlerBean-1.0-11-out.txt
entry: bins/6_jnfe/jnfe-tests.jar
entry: bins/6_jnfe/jnfe.jar
** CP: bins/6_jnfe/jnfe-tests.jar:bins/6_jnfe/jnfe.jar
* EvoSuite 1.1.1-SNAPSHOT
* Going to generate test cases for class: br.com.jnfe.base.service.Pkcs12SecurityHandlerBean
* Starting Client-0
* Connecting to master process on port 10127
* Analyzing classpath: 
* Error while initializing target class: br/com/jnfe/base/service/AbstractSecurityHandlerBean
* Computation finished
11,7_sfmis,com.hf.sfm.system.business.Login,1.0 Not Found. Rerunning ...
Running test generation for com.hf.sfm.system.business.Login in 7_sfmis
Model seeding is on - seed_clone=1.0
11,7_sfmis,com.hf.sfm.system.business.MenuManage,1.0 Not Found. Rerunning ...
Running test generation for com.hf.sfm.system.business.MenuManage in 7_sfmis
Problem: class= br.com.jnfe.base.service.SimpleSecurityHandlerBean, project= 6_jnfe, execution_idx= 11, modelFlag=1, TestFlag=0
logs/model_seeding/6_jnfe-br.com.jnfe.base.service.SimpleSecurityHandlerBean-1.0-11-out.txt
entry: bins/6_jnfe/jnfe-tests.jar
entry: bins/6_jnfe/jnfe.jar
** CP: bins/6_jnfe/jnfe-tests.jar:bins/6_jnfe/jnfe.jar
* EvoSuite 1.1.1-SNAPSHOT
* Going to generate test cases for class: br.com.jnfe.base.service.SimpleSecurityHandlerBean
* Starting Client-0
* Connecting to master process on port 9242
* Analyzing classpath: 
* Error while initializing target class: br/com/jnfe/base/service/AbstractSecurityHandlerBean
* Computation finished
Model seeding is on - seed_clone=1.0
11,7_sfmis,com.hf.sfm.system.business.WorkerMgr,1.0 Not Found. Rerunning ...
Running test generation for com.hf.sfm.system.business.WorkerMgr in 7_sfmis
Problem: class= br.com.jnfe.base.util.SecurityUtils, project= 6_jnfe, execution_idx= 11, modelFlag=1, TestFlag=0
logs/model_seeding/6_jnfe-br.com.jnfe.base.util.SecurityUtils-1.0-11-out.txt
Model seeding is on - seed_clone=1.0
entry: bins/6_jnfe/jnfe-tests.jar
entry: bins/6_jnfe/jnfe.jar
** CP: bins/6_jnfe/jnfe-tests.jar:bins/6_jnfe/jnfe.jar
* EvoSuite 1.1.1-SNAPSHOT
* Going to generate test cases for class: br.com.jnfe.base.util.SecurityUtils
* Starting Client-0
* Connecting to master process on port 16148
* Analyzing classpath: 
* Error while initializing target class: org/springframework/core/io/Resource
* Computation finished
11,8_gfarcegestionfa,fr.unice.gfarce.interGraph.QuitterAction,1.0 Not Found. Rerunning ...
Running test generation for fr.unice.gfarce.interGraph.QuitterAction in 8_gfarcegestionfa
Model seeding is on - seed_clone=1.0
11,8_gfarcegestionfa,fr.unice.gfarce.interGraph.ExportExelAction,1.0 Not Found. Rerunning ...
Running test generation for fr.unice.gfarce.interGraph.ExportExelAction in 8_gfarcegestionfa
Model seeding is on - seed_clone=1.0
11,8_gfarcegestionfa,fr.unice.gfarce.interGraph.SupprFormationAction,1.0 Not Found. Rerunning ...
Running test generation for fr.unice.gfarce.interGraph.SupprFormationAction in 8_gfarcegestionfa
Model seeding is on - seed_clone=1.0
Problem: class= br.com.jnfe.base.service.SignatureBuilder, project= 6_jnfe, execution_idx= 11, modelFlag=1, TestFlag=0
logs/model_seeding/6_jnfe-br.com.jnfe.base.service.SignatureBuilder-1.0-11-out.txt
entry: bins/6_jnfe/jnfe-tests.jar
entry: bins/6_jnfe/jnfe.jar
** CP: bins/6_jnfe/jnfe-tests.jar:bins/6_jnfe/jnfe.jar
* EvoSuite 1.1.1-SNAPSHOT
* Going to generate test cases for class: br.com.jnfe.base.service.SignatureBuilder
* Starting Client-0
* Connecting to master process on port 6119
* Analyzing classpath: 
  - bins/6_jnfe/jnfe-tests.jar
  - bins/6_jnfe/jnfe.jar
* Finished analyzing classpath
* Generating tests for class br.com.jnfe.base.service.SignatureBuilder
* Test criteria:
  - Line Coverage
  - Branch Coverage
  - Exception
  - Mutation testing (weak)
  - Method-Output Coverage
  - Top-Level Method Coverage
  - No-Exception Top-Level Method Coverage
  - Context Branch Coverage
* Total number of test goals for DYNAMOSA: 0
* Using seed 1573167509807
* Starting evolution
* Initialsss Number of Goals in DynMOSA = 0 / 0
* Computation finished
Problem: class= com.hf.sfm.system.business.Login, project= 7_sfmis, execution_idx= 11, modelFlag=1, TestFlag=0
logs/model_seeding/7_sfmis-com.hf.sfm.system.business.Login-1.0-11-out.txt
entry: bins/7_sfmis/sfmis.jar
** CP: bins/7_sfmis/sfmis.jar
* EvoSuite 1.1.1-SNAPSHOT
* Going to generate test cases for class: com.hf.sfm.system.business.Login
* Starting Client-0
* Connecting to master process on port 11613
* Analyzing classpath: 
* Error while initializing target class: javax/servlet/http/HttpServlet
* Computation finished
Problem: class= com.hf.sfm.system.business.WorkerMgr, project= 7_sfmis, execution_idx= 11, modelFlag=1, TestFlag=0
logs/model_seeding/7_sfmis-com.hf.sfm.system.business.WorkerMgr-1.0-11-out.txt
entry: bins/7_sfmis/sfmis.jar
** CP: bins/7_sfmis/sfmis.jar
* EvoSuite 1.1.1-SNAPSHOT
* Going to generate test cases for class: com.hf.sfm.system.business.WorkerMgr
* Starting Client-0
* Connecting to master process on port 10334
* Analyzing classpath: 
* Error while initializing target class: org/apache/commons/logging/LogFactory
* Computation finished
11,8_gfarcegestionfa,fr.unice.gfarce.interGraph.SharedListSelectionHandlerEtu,1.0 Not Found. Rerunning ...
Running test generation for fr.unice.gfarce.interGraph.SharedListSelectionHandlerEtu in 8_gfarcegestionfa
Model seeding is on - seed_clone=1.0
11,8_gfarcegestionfa,fr.unice.gfarce.interGraph.SharedListSelectionHandlerResp,1.0 Not Found. Rerunning ...
Running test generation for fr.unice.gfarce.interGraph.SharedListSelectionHandlerResp in 8_gfarcegestionfa
Model seeding is on - seed_clone=1.0
Problem: class= com.hf.sfm.system.business.MenuManage, project= 7_sfmis, execution_idx= 11, modelFlag=1, TestFlag=0
logs/model_seeding/7_sfmis-com.hf.sfm.system.business.MenuManage-1.0-11-out.txt
entry: bins/7_sfmis/sfmis.jar
** CP: bins/7_sfmis/sfmis.jar
* EvoSuite 1.1.1-SNAPSHOT
* Going to generate test cases for class: com.hf.sfm.system.business.MenuManage
* Starting Client-0
* Connecting to master process on port 4887
* Analyzing classpath: 
* Error while initializing target class: org/apache/commons/logging/LogFactory
* Computation finished
11,8_gfarcegestionfa,fr.unice.gfarce.interGraph.SupprRespAction,1.0 Not Found. Rerunning ...
Running test generation for fr.unice.gfarce.interGraph.SupprRespAction in 8_gfarcegestionfa
Finished: class= net.kencochrane.a4j.beans.ProductDetails, project= 2_a4j, execution_idx= 11, modelFlag=1, TestFlag=0
Model seeding is on - seed_clone=1.0
11,8_gfarcegestionfa,fr.unice.gfarce.interGraph.TableStockage,1.0 Not Found. Rerunning ...
Running test generation for fr.unice.gfarce.interGraph.TableStockage in 8_gfarcegestionfa
Model seeding is on - seed_clone=1.0
Finished: class= brain.ga.RankSelector, project= 3_gaj, execution_idx= 11, modelFlag=1, TestFlag=0
Finished: class= brain.ga.SectMutator, project= 3_gaj, execution_idx= 11, modelFlag=1, TestFlag=0
Finished: class= com.densebrain.rif.client.RIFClassLoader, project= 4_rif, execution_idx= 11, modelFlag=1, TestFlag=0
11,8_gfarcegestionfa,fr.unice.gfarce.interGraph.ChoixDB4O,1.0 Not Found. Rerunning ...
Running test generation for fr.unice.gfarce.interGraph.ChoixDB4O in 8_gfarcegestionfa
Model seeding is on - seed_clone=1.0
11,8_gfarcegestionfa,fr.unice.gfarce.interGraph.AProposAction,1.0 Not Found. Rerunning ...
Running test generation for fr.unice.gfarce.interGraph.AProposAction in 8_gfarcegestionfa
Model seeding is on - seed_clone=1.0
11,8_gfarcegestionfa,fr.unice.gfarce.interGraph.FenetreChoix,1.0 Not Found. Rerunning ...
Running test generation for fr.unice.gfarce.interGraph.FenetreChoix in 8_gfarcegestionfa
Model seeding is on - seed_clone=1.0
11,8_gfarcegestionfa,fr.unice.gfarce.interGraph.CreerUnEtudiantAction,1.0 Not Found. Rerunning ...
Running test generation for fr.unice.gfarce.interGraph.CreerUnEtudiantAction in 8_gfarcegestionfa
Model seeding is on - seed_clone=1.0
Finished: class= brain.ga.VectorGenome, project= 3_gaj, execution_idx= 11, modelFlag=1, TestFlag=0
Finished: class= brain.ga.UniformCrossover, project= 3_gaj, execution_idx= 11, modelFlag=1, TestFlag=0
Finished: class= org.templateit.NamedStyle, project= 5_templateit, execution_idx= 11, modelFlag=1, TestFlag=0
Finished: class= org.templateit.OpMatcher, project= 5_templateit, execution_idx= 11, modelFlag=1, TestFlag=0
11,8_gfarcegestionfa,fr.unice.gfarce.interGraph.ModifierFormationAction,1.0 Not Found. Rerunning ...
Running test generation for fr.unice.gfarce.interGraph.ModifierFormationAction in 8_gfarcegestionfa
Model seeding is on - seed_clone=1.0
11,8_gfarcegestionfa,fr.unice.gfarce.interGraph.ModifierRespAction,1.0 Not Found. Rerunning ...
Running test generation for fr.unice.gfarce.interGraph.ModifierRespAction in 8_gfarcegestionfa
Model seeding is on - seed_clone=1.0
Finished: class= br.com.jnfe.base.CRT, project= 6_jnfe, execution_idx= 11, modelFlag=1, TestFlag=0
11,8_gfarcegestionfa,fr.unice.gfarce.interGraph.CreerUneFormationAction,1.0 Not Found. Rerunning ...
Running test generation for fr.unice.gfarce.interGraph.CreerUneFormationAction in 8_gfarcegestionfa
Model seeding is on - seed_clone=1.0
Finished: class= br.com.jnfe.base.ContribICMS, project= 6_jnfe, execution_idx= 11, modelFlag=1, TestFlag=0
11,8_gfarcegestionfa,fr.unice.gfarce.interGraph.FenetrePrincipale,1.0 Not Found. Rerunning ...
Running test generation for fr.unice.gfarce.interGraph.FenetrePrincipale in 8_gfarcegestionfa
Model seeding is on - seed_clone=1.0
Finished: class= org.templateit.util.DelimitedFileReader, project= 5_templateit, execution_idx= 11, modelFlag=1, TestFlag=0
11,8_gfarcegestionfa,fr.unice.gfarce.interGraph.EnvoiRespAction,1.0 Not Found. Rerunning ...
Running test generation for fr.unice.gfarce.interGraph.EnvoiRespAction in 8_gfarcegestionfa
Model seeding is on - seed_clone=1.0
Finished: class= br.com.jnfe.base.C_ICMS, project= 6_jnfe, execution_idx= 11, modelFlag=1, TestFlag=0
11,8_gfarcegestionfa,fr.unice.gfarce.interGraph.ChargeImageAction,1.0 Not Found. Rerunning ...
Running test generation for fr.unice.gfarce.interGraph.ChargeImageAction in 8_gfarcegestionfa
Model seeding is on - seed_clone=1.0
Finished: class= org.templateit.Reference, project= 5_templateit, execution_idx= 11, modelFlag=1, TestFlag=0
11,8_gfarcegestionfa,fr.unice.gfarce.interGraph.SimpleTableDemo,1.0 Not Found. Rerunning ...
Running test generation for fr.unice.gfarce.interGraph.SimpleTableDemo in 8_gfarcegestionfa
Model seeding is on - seed_clone=1.0
11,8_gfarcegestionfa,fr.unice.gfarce.interGraph.ModifTableStockage,1.0 Not Found. Rerunning ...
Running test generation for fr.unice.gfarce.interGraph.ModifTableStockage in 8_gfarcegestionfa
Model seeding is on - seed_clone=1.0
Finished: class= br.com.jnfe.base.CST_COFINS, project= 6_jnfe, execution_idx= 11, modelFlag=1, TestFlag=0
Finished: class= org.templateit.Region, project= 5_templateit, execution_idx= 11, modelFlag=1, TestFlag=0
11,8_gfarcegestionfa,fr.unice.gfarce.interGraph.SharedListSelectionHandlerFormation,1.0 Not Found. Rerunning ...
Running test generation for fr.unice.gfarce.interGraph.SharedListSelectionHandlerFormation in 8_gfarcegestionfa
Model seeding is on - seed_clone=1.0
11,8_gfarcegestionfa,fr.unice.gfarce.interGraph.ChargeBaseAction,1.0 Not Found. Rerunning ...
Running test generation for fr.unice.gfarce.interGraph.ChargeBaseAction in 8_gfarcegestionfa
Model seeding is on - seed_clone=1.0
11,8_gfarcegestionfa,fr.unice.gfarce.interGraph.SupprimeEtuAction,1.0 Not Found. Rerunning ...
Running test generation for fr.unice.gfarce.interGraph.SupprimeEtuAction in 8_gfarcegestionfa
Model seeding is on - seed_clone=1.0
Finished: class= br.com.jnfe.base.FinNFe, project= 6_jnfe, execution_idx= 11, modelFlag=1, TestFlag=0
Finished: class= br.com.jnfe.base.CST_Grupo, project= 6_jnfe, execution_idx= 11, modelFlag=1, TestFlag=0
Finished: class= br.com.jnfe.base.ModBC, project= 6_jnfe, execution_idx= 11, modelFlag=1, TestFlag=0
Finished: class= br.com.jnfe.base.CStat, project= 6_jnfe, execution_idx= 11, modelFlag=1, TestFlag=0
11,8_gfarcegestionfa,fr.unice.gfarce.interGraph.EnvoiAcceptBourseAction,1.0 Not Found. Rerunning ...
Running test generation for fr.unice.gfarce.interGraph.EnvoiAcceptBourseAction in 8_gfarcegestionfa
Model seeding is on - seed_clone=1.0
11,8_gfarcegestionfa,fr.unice.gfarce.interGraph.CreationFormateurAction,1.0 Not Found. Rerunning ...
Running test generation for fr.unice.gfarce.interGraph.CreationFormateurAction in 8_gfarcegestionfa
Model seeding is on - seed_clone=1.0
11,8_gfarcegestionfa,fr.unice.gfarce.interGraph.Zmodel,1.0 Not Found. Rerunning ...
Running test generation for fr.unice.gfarce.interGraph.Zmodel in 8_gfarcegestionfa
Model seeding is on - seed_clone=1.0
11,8_gfarcegestionfa,fr.unice.gfarce.interGraph.MonFiltre,1.0 Not Found. Rerunning ...
Running test generation for fr.unice.gfarce.interGraph.MonFiltre in 8_gfarcegestionfa
Model seeding is on - seed_clone=1.0
Finished: class= br.com.jnfe.base.CST_PIS, project= 6_jnfe, execution_idx= 11, modelFlag=1, TestFlag=0
11,8_gfarcegestionfa,fr.unice.gfarce.interGraph.EnvoiFormationAction,1.0 Not Found. Rerunning ...
Running test generation for fr.unice.gfarce.interGraph.EnvoiFormationAction in 8_gfarcegestionfa
Model seeding is on - seed_clone=1.0
Finished: class= br.com.jnfe.base.IndTot, project= 6_jnfe, execution_idx= 11, modelFlag=1, TestFlag=0
Finished: class= br.com.jnfe.base.ModeloNFe, project= 6_jnfe, execution_idx= 11, modelFlag=1, TestFlag=0
11,8_gfarcegestionfa,fr.unice.gfarce.interGraph.ChoixJPA,1.0 Not Found. Rerunning ...
Running test generation for fr.unice.gfarce.interGraph.ChoixJPA in 8_gfarcegestionfa
Model seeding is on - seed_clone=1.0
11,8_gfarcegestionfa,fr.unice.gfarce.interGraph.ModificationEtuAction,1.0 Not Found. Rerunning ...
Running test generation for fr.unice.gfarce.interGraph.ModificationEtuAction in 8_gfarcegestionfa
Model seeding is on - seed_clone=1.0
11,10_water-simulator,simulator.CA.BehaviourContactNeighbours,1.0 Not Found. Rerunning ...
Running test generation for simulator.CA.BehaviourContactNeighbours in 10_water-simulator
Model seeding is on - seed_clone=1.0
Finished: class= br.com.jnfe.base.ModBCST, project= 6_jnfe, execution_idx= 11, modelFlag=1, TestFlag=0
Problem: class= fr.unice.gfarce.interGraph.EnvoiAcceptBourseAction, project= 8_gfarcegestionfa, execution_idx= 11, modelFlag=1, TestFlag=0
logs/model_seeding/8_gfarcegestionfa-fr.unice.gfarce.interGraph.EnvoiAcceptBourseAction-1.0-11-out.txt
entry: bins/8_gfarcegestionfa/gfarcegestionfa-tests.jar
entry: bins/8_gfarcegestionfa/gfarcegestionfa.jar
** CP: bins/8_gfarcegestionfa/gfarcegestionfa-tests.jar:bins/8_gfarcegestionfa/gfarcegestionfa.jar
* EvoSuite 1.1.1-SNAPSHOT
* Going to generate test cases for class: fr.unice.gfarce.interGraph.EnvoiAcceptBourseAction
* Starting Client-0
* Connecting to master process on port 14395
* Analyzing classpath: 
Finished: class= br.com.jnfe.base.CST_IPI, project= 6_jnfe, execution_idx= 11, modelFlag=1, TestFlag=0
Finished: class= br.com.jnfe.base.ProcEmi, project= 6_jnfe, execution_idx= 11, modelFlag=1, TestFlag=0
11,10_water-simulator,simulator.CA.ConsumerAgent,1.0 Not Found. Rerunning ...
Running test generation for simulator.CA.ConsumerAgent in 10_water-simulator
Model seeding is on - seed_clone=1.0
11,10_water-simulator,simulator.CA.BehaviourReceiveSavePersonalDataRequest,1.0 Not Found. Rerunning ...
Running test generation for simulator.CA.BehaviourReceiveSavePersonalDataRequest in 10_water-simulator
Model seeding is on - seed_clone=1.0
ReRun: class= fr.unice.gfarce.interGraph.EnvoiFormationAction, project= 8_gfarcegestionfa, execution_idx= 11, modelFlag=1, TestFlag=0
Model seeding is on - seed_clone=1.0
Finished: class= br.com.jnfe.base.Orig, project= 6_jnfe, execution_idx= 11, modelFlag=1, TestFlag=0
11,10_water-simulator,simulator.CA.BehaviourReplyNeighbour,1.0 Not Found. Rerunning ...
Running test generation for simulator.CA.BehaviourReplyNeighbour in 10_water-simulator
Model seeding is on - seed_clone=1.0
Finished: class= br.com.jnfe.base.TpAmb, project= 6_jnfe, execution_idx= 11, modelFlag=1, TestFlag=0
11,10_water-simulator,simulator.CA.BehaviourReceivePriceAndMetData,1.0 Not Found. Rerunning ...
Running test generation for simulator.CA.BehaviourReceivePriceAndMetData in 10_water-simulator
